This file contains any messages produced by compilers while
running configure, to aid debugging if configure makes a mistake.

It was created by fuse-ext2 configure 0.0.7, which was
generated by GNU Autoconf 2.68.  Invocation command line was

  $ ./configure 

## --------- ##
## Platform. ##
## --------- ##

hostname = kvm
uname -m = x86_64
uname -r = 3.9.0-rc1
uname -s = Linux
uname -v = #7 SMP Thu Aug 8 01:58:47 KST 2013

/usr/bin/uname -p = unknown
/bin/uname -X     = unknown

/bin/arch              = unknown
/usr/bin/arch -k       = unknown
/usr/convex/getsysinfo = unknown
/usr/bin/hostinfo      = unknown
/bin/machine           = unknown
/usr/bin/oslevel       = unknown
/bin/universe          = unknown

PATH: /usr/local/sbin
PATH: /usr/local/bin
PATH: /usr/bin
PATH: /usr/sbin
PATH: /sbin
PATH: /bin


## ----------- ##
## Core tests. ##
## ----------- ##

configure:2524: checking build system type
configure:2538: result: x86_64-unknown-linux-gnu
configure:2558: checking host system type
configure:2571: result: x86_64-unknown-linux-gnu
configure:2591: checking target system type
configure:2604: result: x86_64-unknown-linux-gnu
configure:2646: checking for a BSD-compatible install
configure:2714: result: /usr/bin/install -c
configure:2725: checking whether build environment is sane
configure:2775: result: yes
configure:2916: checking for a thread-safe mkdir -p
configure:2955: result: /bin/mkdir -p
configure:2968: checking for gawk
configure:2998: result: no
configure:2968: checking for mawk
configure:2984: found /usr/bin/mawk
configure:2995: result: mawk
configure:3006: checking whether make sets $(MAKE)
configure:3028: result: yes
configure:3170: checking for g++
configure:3186: found /usr/bin/g++
configure:3197: result: g++
configure:3224: checking for C++ compiler version
configure:3233: g++ --version >&5
g++ (Ubuntu/Linaro 4.6.3-1ubuntu5) 4.6.3
Copyright (C) 2011 Free Software Foundation, Inc.
This is free software; see the source for copying conditions.  There is NO
warranty; not even for MERCHANTABILITY or FITNESS FOR A PARTICULAR PURPOSE.

configure:3244: $? = 0
configure:3233: g++ -v >&5
Using built-in specs.
COLLECT_GCC=g++
COLLECT_LTO_WRAPPER=/usr/lib/gcc/x86_64-linux-gnu/4.6/lto-wrapper
Target: x86_64-linux-gnu
Configured with: ../src/configure -v --with-pkgversion='Ubuntu/Linaro 4.6.3-1ubuntu5' --with-bugurl=file:///usr/share/doc/gcc-4.6/README.Bugs --enable-languages=c,c++,fortran,objc,obj-c++ --prefix=/usr --program-suffix=-4.6 --enable-shared --enable-linker-build-id --with-system-zlib --libexecdir=/usr/lib --without-included-gettext --enable-threads=posix --with-gxx-include-dir=/usr/include/c++/4.6 --libdir=/usr/lib --enable-nls --with-sysroot=/ --enable-clocale=gnu --enable-libstdcxx-debug --enable-libstdcxx-time=yes --enable-gnu-unique-object --enable-plugin --enable-objc-gc --disable-werror --with-arch-32=i686 --with-tune=generic --enable-checking=release --build=x86_64-linux-gnu --host=x86_64-linux-gnu --target=x86_64-linux-gnu
Thread model: posix
gcc version 4.6.3 (Ubuntu/Linaro 4.6.3-1ubuntu5) 
configure:3244: $? = 0
configure:3233: g++ -V >&5
g++: error: unrecognized option '-V'
g++: fatal error: no input files
compilation terminated.
configure:3244: $? = 4
configure:3233: g++ -qversion >&5
g++: error: unrecognized option '-qversion'
g++: fatal error: no input files
compilation terminated.
configure:3244: $? = 4
configure:3264: checking whether the C++ compiler works
configure:3286: g++    conftest.cpp  >&5
configure:3290: $? = 0
configure:3338: result: yes
configure:3341: checking for C++ compiler default output file name
configure:3343: result: a.out
configure:3349: checking for suffix of executables
configure:3356: g++ -o conftest    conftest.cpp  >&5
configure:3360: $? = 0
configure:3382: result: 
configure:3404: checking whether we are cross compiling
configure:3412: g++ -o conftest    conftest.cpp  >&5
configure:3416: $? = 0
configure:3423: ./conftest
configure:3427: $? = 0
configure:3442: result: no
configure:3447: checking for suffix of object files
configure:3469: g++ -c   conftest.cpp >&5
configure:3473: $? = 0
configure:3494: result: o
configure:3498: checking whether we are using the GNU C++ compiler
configure:3517: g++ -c   conftest.cpp >&5
configure:3517: $? = 0
configure:3526: result: yes
configure:3535: checking whether g++ accepts -g
configure:3555: g++ -c -g  conftest.cpp >&5
configure:3555: $? = 0
configure:3596: result: yes
configure:3630: checking for style of include used by make
configure:3658: result: GNU
configure:3684: checking dependency style of g++
configure:3795: result: gcc3
configure:3814: checking for gawk
configure:3841: result: mawk
configure:3900: checking for gcc
configure:3916: found /usr/bin/gcc
configure:3927: result: gcc
configure:4156: checking for C compiler version
configure:4165: gcc --version >&5
gcc (Ubuntu/Linaro 4.6.3-1ubuntu5) 4.6.3
Copyright (C) 2011 Free Software Foundation, Inc.
This is free software; see the source for copying conditions.  There is NO
warranty; not even for MERCHANTABILITY or FITNESS FOR A PARTICULAR PURPOSE.

configure:4176: $? = 0
configure:4165: gcc -v >&5
Using built-in specs.
COLLECT_GCC=gcc
COLLECT_LTO_WRAPPER=/usr/lib/gcc/x86_64-linux-gnu/4.6/lto-wrapper
Target: x86_64-linux-gnu
Configured with: ../src/configure -v --with-pkgversion='Ubuntu/Linaro 4.6.3-1ubuntu5' --with-bugurl=file:///usr/share/doc/gcc-4.6/README.Bugs --enable-languages=c,c++,fortran,objc,obj-c++ --prefix=/usr --program-suffix=-4.6 --enable-shared --enable-linker-build-id --with-system-zlib --libexecdir=/usr/lib --without-included-gettext --enable-threads=posix --with-gxx-include-dir=/usr/include/c++/4.6 --libdir=/usr/lib --enable-nls --with-sysroot=/ --enable-clocale=gnu --enable-libstdcxx-debug --enable-libstdcxx-time=yes --enable-gnu-unique-object --enable-plugin --enable-objc-gc --disable-werror --with-arch-32=i686 --with-tune=generic --enable-checking=release --build=x86_64-linux-gnu --host=x86_64-linux-gnu --target=x86_64-linux-gnu
Thread model: posix
gcc version 4.6.3 (Ubuntu/Linaro 4.6.3-1ubuntu5) 
configure:4176: $? = 0
configure:4165: gcc -V >&5
gcc: error: unrecognized option '-V'
gcc: fatal error: no input files
compilation terminated.
configure:4176: $? = 4
configure:4165: gcc -qversion >&5
gcc: error: unrecognized option '-qversion'
gcc: fatal error: no input files
compilation terminated.
configure:4176: $? = 4
configure:4180: checking whether we are using the GNU C compiler
configure:4199: gcc -c   conftest.c >&5
configure:4199: $? = 0
configure:4208: result: yes
configure:4217: checking whether gcc accepts -g
configure:4237: gcc -c -g  conftest.c >&5
configure:4237: $? = 0
configure:4278: result: yes
configure:4295: checking for gcc option to accept ISO C89
configure:4359: gcc  -c -g -O2  conftest.c >&5
configure:4359: $? = 0
configure:4372: result: none needed
configure:4394: checking dependency style of gcc
configure:4505: result: gcc3
configure:4567: checking how to print strings
configure:4594: result: printf
configure:4615: checking for a sed that does not truncate output
configure:4679: result: /bin/sed
configure:4697: checking for grep that handles long lines and -e
configure:4755: result: /bin/grep
configure:4760: checking for egrep
configure:4822: result: /bin/grep -E
configure:4827: checking for fgrep
configure:4889: result: /bin/grep -F
configure:4924: checking for ld used by gcc
configure:4991: result: /usr/bin/ld
configure:4998: checking if the linker (/usr/bin/ld) is GNU ld
configure:5013: result: yes
configure:5025: checking for BSD- or MS-compatible name lister (nm)
configure:5074: result: /usr/bin/nm -B
configure:5204: checking the name lister (/usr/bin/nm -B) interface
configure:5211: gcc -c -g -O2  conftest.c >&5
configure:5214: /usr/bin/nm -B "conftest.o"
configure:5217: output
0000000000000000 B some_variable
configure:5224: result: BSD nm
configure:5227: checking whether ln -s works
configure:5231: result: yes
configure:5239: checking the maximum length of command line arguments
configure:5369: result: 1572864
configure:5386: checking whether the shell understands some XSI constructs
configure:5396: result: yes
configure:5400: checking whether the shell understands "+="
configure:5406: result: yes
configure:5441: checking how to convert x86_64-unknown-linux-gnu file names to x86_64-unknown-linux-gnu format
configure:5481: result: func_convert_file_noop
configure:5488: checking how to convert x86_64-unknown-linux-gnu file names to toolchain format
configure:5508: result: func_convert_file_noop
configure:5515: checking for /usr/bin/ld option to reload object files
configure:5522: result: -r
configure:5596: checking for objdump
configure:5612: found /usr/bin/objdump
configure:5623: result: objdump
configure:5655: checking how to recognize dependent libraries
configure:5857: result: pass_all
configure:5942: checking for dlltool
configure:5972: result: no
configure:6002: checking how to associate runtime and link libraries
configure:6029: result: printf %s\n
configure:6090: checking for ar
configure:6106: found /usr/bin/ar
configure:6117: result: ar
configure:6154: checking for archiver @FILE support
configure:6171: gcc -c -g -O2  conftest.c >&5
configure:6171: $? = 0
configure:6174: ar cru libconftest.a @conftest.lst >&5
configure:6177: $? = 0
configure:6182: ar cru libconftest.a @conftest.lst >&5
ar: conftest.o: No such file or directory
configure:6185: $? = 1
configure:6197: result: @
configure:6255: checking for strip
configure:6271: found /usr/bin/strip
configure:6282: result: strip
configure:6354: checking for ranlib
configure:6370: found /usr/bin/ranlib
configure:6381: result: ranlib
configure:6483: checking command to parse /usr/bin/nm -B output from gcc object
configure:6603: gcc -c -g -O2  conftest.c >&5
configure:6606: $? = 0
configure:6610: /usr/bin/nm -B conftest.o \| sed -n -e 's/^.*[ ]\([ABCDGIRSTW][ABCDGIRSTW]*\)[ ][ ]*\([_A-Za-z][_A-Za-z0-9]*\)$/\1 \2 \2/p' | sed '/ __gnu_lto/d' \> conftest.nm
configure:6613: $? = 0
configure:6679: gcc -o conftest -g -O2   conftest.c conftstm.o >&5
configure:6682: $? = 0
configure:6720: result: ok
configure:6757: checking for sysroot
configure:6787: result: no
configure:6864: gcc -c -g -O2  conftest.c >&5
configure:6867: $? = 0
configure:7043: checking for mt
configure:7059: found /bin/mt
configure:7070: result: mt
configure:7093: checking if mt is a manifest tool
configure:7099: mt '-?'
configure:7107: result: no
configure:7749: checking how to run the C preprocessor
configure:7780: gcc -E  conftest.c
configure:7780: $? = 0
configure:7794: gcc -E  conftest.c
conftest.c:11:28: fatal error: ac_nonexistent.h: No such file or directory
compilation terminated.
configure:7794: $? = 1
configure: failed program was:
| /* confdefs.h */
| #define PACKAGE_NAME "fuse-ext2"
| #define PACKAGE_TARNAME "fuse-ext2"
| #define PACKAGE_VERSION "0.0.7"
| #define PACKAGE_STRING "fuse-ext2 0.0.7"
| #define PACKAGE_BUGREPORT "alper.akcan@gmail.com"
| #define PACKAGE_URL ""
| #define PACKAGE "fuse-ext2"
| #define VERSION "0.0.7"
| /* end confdefs.h.  */
| #include <ac_nonexistent.h>
configure:7819: result: gcc -E
configure:7839: gcc -E  conftest.c
configure:7839: $? = 0
configure:7853: gcc -E  conftest.c
conftest.c:11:28: fatal error: ac_nonexistent.h: No such file or directory
compilation terminated.
configure:7853: $? = 1
configure: failed program was:
| /* confdefs.h */
| #define PACKAGE_NAME "fuse-ext2"
| #define PACKAGE_TARNAME "fuse-ext2"
| #define PACKAGE_VERSION "0.0.7"
| #define PACKAGE_STRING "fuse-ext2 0.0.7"
| #define PACKAGE_BUGREPORT "alper.akcan@gmail.com"
| #define PACKAGE_URL ""
| #define PACKAGE "fuse-ext2"
| #define VERSION "0.0.7"
| /* end confdefs.h.  */
| #include <ac_nonexistent.h>
configure:7882: checking for ANSI C header files
configure:7902: gcc -c -g -O2  conftest.c >&5
configure:7902: $? = 0
configure:7975: gcc -o conftest -g -O2   conftest.c  >&5
configure:7975: $? = 0
configure:7975: ./conftest
configure:7975: $? = 0
configure:7986: result: yes
configure:7999: checking for sys/types.h
configure:7999: gcc -c -g -O2  conftest.c >&5
configure:7999: $? = 0
configure:7999: result: yes
configure:7999: checking for sys/stat.h
configure:7999: gcc -c -g -O2  conftest.c >&5
configure:7999: $? = 0
configure:7999: result: yes
configure:7999: checking for stdlib.h
configure:7999: gcc -c -g -O2  conftest.c >&5
configure:7999: $? = 0
configure:7999: result: yes
configure:7999: checking for string.h
configure:7999: gcc -c -g -O2  conftest.c >&5
configure:7999: $? = 0
configure:7999: result: yes
configure:7999: checking for memory.h
configure:7999: gcc -c -g -O2  conftest.c >&5
configure:7999: $? = 0
configure:7999: result: yes
configure:7999: checking for strings.h
configure:7999: gcc -c -g -O2  conftest.c >&5
configure:7999: $? = 0
configure:7999: result: yes
configure:7999: checking for inttypes.h
configure:7999: gcc -c -g -O2  conftest.c >&5
configure:7999: $? = 0
configure:7999: result: yes
configure:7999: checking for stdint.h
configure:7999: gcc -c -g -O2  conftest.c >&5
configure:7999: $? = 0
configure:7999: result: yes
configure:7999: checking for unistd.h
configure:7999: gcc -c -g -O2  conftest.c >&5
configure:7999: $? = 0
configure:7999: result: yes
configure:8013: checking for dlfcn.h
configure:8013: gcc -c -g -O2  conftest.c >&5
configure:8013: $? = 0
configure:8013: result: yes
configure:8230: checking for objdir
configure:8245: result: .libs
configure:8512: checking if gcc supports -fno-rtti -fno-exceptions
configure:8530: gcc -c -g -O2  -fno-rtti -fno-exceptions conftest.c >&5
cc1: warning: command line option '-fno-rtti' is valid for C++/ObjC++ but not for C [enabled by default]
configure:8534: $? = 0
configure:8547: result: no
configure:8874: checking for gcc option to produce PIC
configure:8881: result: -fPIC -DPIC
configure:8889: checking if gcc PIC flag -fPIC -DPIC works
configure:8907: gcc -c -g -O2  -fPIC -DPIC -DPIC conftest.c >&5
configure:8911: $? = 0
configure:8924: result: yes
configure:8953: checking if gcc static flag -static works
configure:8981: result: yes
configure:8996: checking if gcc supports -c -o file.o
configure:9017: gcc -c -g -O2  -o out/conftest2.o conftest.c >&5
configure:9021: $? = 0
configure:9043: result: yes
configure:9051: checking if gcc supports -c -o file.o
configure:9098: result: yes
configure:9131: checking whether the gcc linker (/usr/bin/ld -m elf_x86_64) supports shared libraries
configure:10288: result: yes
configure:10325: checking whether -lc should be explicitly linked in
configure:10333: gcc -c -g -O2  conftest.c >&5
configure:10336: $? = 0
configure:10351: gcc -shared  -fPIC -DPIC conftest.o  -v -Wl,-soname -Wl,conftest -o conftest 2\>\&1 \| /bin/grep  -lc  \>/dev/null 2\>\&1
configure:10354: $? = 0
configure:10368: result: no
configure:10528: checking dynamic linker characteristics
configure:11039: gcc -o conftest -g -O2   -Wl,-rpath -Wl,/foo conftest.c  >&5
configure:11039: $? = 0
configure:11273: result: GNU/Linux ld.so
configure:11380: checking how to hardcode library paths into programs
configure:11405: result: immediate
configure:11945: checking whether stripping libraries is possible
configure:11950: result: yes
configure:11985: checking if libtool supports shared libraries
configure:11987: result: yes
configure:11990: checking whether to build shared libraries
configure:12011: result: yes
configure:12014: checking whether to build static libraries
configure:12018: result: yes
configure:12041: checking how to run the C++ preprocessor
configure:12068: g++ -E  conftest.cpp
configure:12068: $? = 0
configure:12082: g++ -E  conftest.cpp
conftest.cpp:23:28: fatal error: ac_nonexistent.h: No such file or directory
compilation terminated.
configure:12082: $? = 1
configure: failed program was:
| /* confdefs.h */
| #define PACKAGE_NAME "fuse-ext2"
| #define PACKAGE_TARNAME "fuse-ext2"
| #define PACKAGE_VERSION "0.0.7"
| #define PACKAGE_STRING "fuse-ext2 0.0.7"
| #define PACKAGE_BUGREPORT "alper.akcan@gmail.com"
| #define PACKAGE_URL ""
| #define PACKAGE "fuse-ext2"
| #define VERSION "0.0.7"
| #define STDC_HEADERS 1
| #define HAVE_SYS_TYPES_H 1
| #define HAVE_SYS_STAT_H 1
| #define HAVE_STDLIB_H 1
| #define HAVE_STRING_H 1
| #define HAVE_MEMORY_H 1
| #define HAVE_STRINGS_H 1
| #define HAVE_INTTYPES_H 1
| #define HAVE_STDINT_H 1
| #define HAVE_UNISTD_H 1
| #define HAVE_DLFCN_H 1
| #define LT_OBJDIR ".libs/"
| /* end confdefs.h.  */
| #include <ac_nonexistent.h>
configure:12107: result: g++ -E
configure:12127: g++ -E  conftest.cpp
configure:12127: $? = 0
configure:12141: g++ -E  conftest.cpp
conftest.cpp:23:28: fatal error: ac_nonexistent.h: No such file or directory
compilation terminated.
configure:12141: $? = 1
configure: failed program was:
| /* confdefs.h */
| #define PACKAGE_NAME "fuse-ext2"
| #define PACKAGE_TARNAME "fuse-ext2"
| #define PACKAGE_VERSION "0.0.7"
| #define PACKAGE_STRING "fuse-ext2 0.0.7"
| #define PACKAGE_BUGREPORT "alper.akcan@gmail.com"
| #define PACKAGE_URL ""
| #define PACKAGE "fuse-ext2"
| #define VERSION "0.0.7"
| #define STDC_HEADERS 1
| #define HAVE_SYS_TYPES_H 1
| #define HAVE_SYS_STAT_H 1
| #define HAVE_STDLIB_H 1
| #define HAVE_STRING_H 1
| #define HAVE_MEMORY_H 1
| #define HAVE_STRINGS_H 1
| #define HAVE_INTTYPES_H 1
| #define HAVE_STDINT_H 1
| #define HAVE_UNISTD_H 1
| #define HAVE_DLFCN_H 1
| #define LT_OBJDIR ".libs/"
| /* end confdefs.h.  */
| #include <ac_nonexistent.h>
configure:12310: checking for ld used by g++
configure:12377: result: /usr/bin/ld -m elf_x86_64
configure:12384: checking if the linker (/usr/bin/ld -m elf_x86_64) is GNU ld
configure:12399: result: yes
configure:12454: checking whether the g++ linker (/usr/bin/ld -m elf_x86_64) supports shared libraries
configure:13459: result: yes
configure:13495: g++ -c -g -O2  conftest.cpp >&5
configure:13498: $? = 0
configure:14018: checking for g++ option to produce PIC
configure:14025: result: -fPIC -DPIC
configure:14033: checking if g++ PIC flag -fPIC -DPIC works
configure:14051: g++ -c -g -O2  -fPIC -DPIC -DPIC conftest.cpp >&5
configure:14055: $? = 0
configure:14068: result: yes
configure:14091: checking if g++ static flag -static works
configure:14119: result: yes
configure:14131: checking if g++ supports -c -o file.o
configure:14152: g++ -c -g -O2  -o out/conftest2.o conftest.cpp >&5
configure:14156: $? = 0
configure:14178: result: yes
configure:14183: checking if g++ supports -c -o file.o
configure:14230: result: yes
configure:14260: checking whether the g++ linker (/usr/bin/ld -m elf_x86_64) supports shared libraries
configure:14299: result: yes
configure:14440: checking dynamic linker characteristics
configure:15119: result: GNU/Linux ld.so
configure:15172: checking how to hardcode library paths into programs
configure:15197: result: immediate
configure:15260: checking for chmod
configure:15278: found /bin/chmod
configure:15291: result: /bin/chmod
configure:15307: checking for size_t
configure:15307: gcc -c -g -O2  conftest.c >&5
configure:15307: $? = 0
configure:15307: gcc -c -g -O2  conftest.c >&5
conftest.c: In function 'main':
conftest.c:59:21: error: expected expression before ')' token
configure:15307: $? = 1
configure: failed program was:
| /* confdefs.h */
| #define PACKAGE_NAME "fuse-ext2"
| #define PACKAGE_TARNAME "fuse-ext2"
| #define PACKAGE_VERSION "0.0.7"
| #define PACKAGE_STRING "fuse-ext2 0.0.7"
| #define PACKAGE_BUGREPORT "alper.akcan@gmail.com"
| #define PACKAGE_URL ""
| #define PACKAGE "fuse-ext2"
| #define VERSION "0.0.7"
| #define STDC_HEADERS 1
| #define HAVE_SYS_TYPES_H 1
| #define HAVE_SYS_STAT_H 1
| #define HAVE_STDLIB_H 1
| #define HAVE_STRING_H 1
| #define HAVE_MEMORY_H 1
| #define HAVE_STRINGS_H 1
| #define HAVE_INTTYPES_H 1
| #define HAVE_STDINT_H 1
| #define HAVE_UNISTD_H 1
| #define HAVE_DLFCN_H 1
| #define LT_OBJDIR ".libs/"
| /* end confdefs.h.  */
| #include <stdio.h>
| #ifdef HAVE_SYS_TYPES_H
| # include <sys/types.h>
| #endif
| #ifdef HAVE_SYS_STAT_H
| # include <sys/stat.h>
| #endif
| #ifdef STDC_HEADERS
| # include <stdlib.h>
| # include <stddef.h>
| #else
| # ifdef HAVE_STDLIB_H
| #  include <stdlib.h>
| # endif
| #endif
| #ifdef HAVE_STRING_H
| # if !defined STDC_HEADERS && defined HAVE_MEMORY_H
| #  include <memory.h>
| # endif
| # include <string.h>
| #endif
| #ifdef HAVE_STRINGS_H
| # include <strings.h>
| #endif
| #ifdef HAVE_INTTYPES_H
| # include <inttypes.h>
| #endif
| #ifdef HAVE_STDINT_H
| # include <stdint.h>
| #endif
| #ifdef HAVE_UNISTD_H
| # include <unistd.h>
| #endif
| int
| main ()
| {
| if (sizeof ((size_t)))
| 	    return 0;
|   ;
|   return 0;
| }
configure:15307: result: yes
configure:15318: checking for off_t
configure:15318: gcc -c -g -O2  conftest.c >&5
configure:15318: $? = 0
configure:15318: gcc -c -g -O2  conftest.c >&5
conftest.c: In function 'main':
conftest.c:59:20: error: expected expression before ')' token
configure:15318: $? = 1
configure: failed program was:
| /* confdefs.h */
| #define PACKAGE_NAME "fuse-ext2"
| #define PACKAGE_TARNAME "fuse-ext2"
| #define PACKAGE_VERSION "0.0.7"
| #define PACKAGE_STRING "fuse-ext2 0.0.7"
| #define PACKAGE_BUGREPORT "alper.akcan@gmail.com"
| #define PACKAGE_URL ""
| #define PACKAGE "fuse-ext2"
| #define VERSION "0.0.7"
| #define STDC_HEADERS 1
| #define HAVE_SYS_TYPES_H 1
| #define HAVE_SYS_STAT_H 1
| #define HAVE_STDLIB_H 1
| #define HAVE_STRING_H 1
| #define HAVE_MEMORY_H 1
| #define HAVE_STRINGS_H 1
| #define HAVE_INTTYPES_H 1
| #define HAVE_STDINT_H 1
| #define HAVE_UNISTD_H 1
| #define HAVE_DLFCN_H 1
| #define LT_OBJDIR ".libs/"
| /* end confdefs.h.  */
| #include <stdio.h>
| #ifdef HAVE_SYS_TYPES_H
| # include <sys/types.h>
| #endif
| #ifdef HAVE_SYS_STAT_H
| # include <sys/stat.h>
| #endif
| #ifdef STDC_HEADERS
| # include <stdlib.h>
| # include <stddef.h>
| #else
| # ifdef HAVE_STDLIB_H
| #  include <stdlib.h>
| # endif
| #endif
| #ifdef HAVE_STRING_H
| # if !defined STDC_HEADERS && defined HAVE_MEMORY_H
| #  include <memory.h>
| # endif
| # include <string.h>
| #endif
| #ifdef HAVE_STRINGS_H
| # include <strings.h>
| #endif
| #ifdef HAVE_INTTYPES_H
| # include <inttypes.h>
| #endif
| #ifdef HAVE_STDINT_H
| # include <stdint.h>
| #endif
| #ifdef HAVE_UNISTD_H
| # include <unistd.h>
| #endif
| int
| main ()
| {
| if (sizeof ((off_t)))
| 	    return 0;
|   ;
|   return 0;
| }
configure:15318: result: yes
configure:15340: checking for dirent.h that defines DIR
configure:15359: gcc -c -g -O2  conftest.c >&5
configure:15359: $? = 0
configure:15367: result: yes
configure:15380: checking for library containing opendir
configure:15411: gcc -o conftest -g -O2   conftest.c  >&5
configure:15411: $? = 0
configure:15428: result: none required
configure:15495: checking for ANSI C header files
configure:15599: result: yes
configure:15607: checking whether sys/types.h defines makedev
configure:15623: gcc -o conftest -g -O2   conftest.c  >&5
configure:15623: $? = 0
configure:15632: result: yes
configure:15697: checking fcntl.h usability
configure:15697: gcc -c -g -O2  conftest.c >&5
configure:15697: $? = 0
configure:15697: result: yes
configure:15697: checking fcntl.h presence
configure:15697: gcc -E  conftest.c
configure:15697: $? = 0
configure:15697: result: yes
configure:15697: checking for fcntl.h
configure:15697: result: yes
configure:15697: checking malloc.h usability
configure:15697: gcc -c -g -O2  conftest.c >&5
configure:15697: $? = 0
configure:15697: result: yes
configure:15697: checking malloc.h presence
configure:15697: gcc -E  conftest.c
configure:15697: $? = 0
configure:15697: result: yes
configure:15697: checking for malloc.h
configure:15697: result: yes
configure:15697: checking mntent.h usability
configure:15697: gcc -c -g -O2  conftest.c >&5
configure:15697: $? = 0
configure:15697: result: yes
configure:15697: checking mntent.h presence
configure:15697: gcc -E  conftest.c
configure:15697: $? = 0
configure:15697: result: yes
configure:15697: checking for mntent.h
configure:15697: result: yes
configure:15697: checking netinet/in.h usability
configure:15697: gcc -c -g -O2  conftest.c >&5
configure:15697: $? = 0
configure:15697: result: yes
configure:15697: checking netinet/in.h presence
configure:15697: gcc -E  conftest.c
configure:15697: $? = 0
configure:15697: result: yes
configure:15697: checking for netinet/in.h
configure:15697: result: yes
configure:15697: checking paths.h usability
configure:15697: gcc -c -g -O2  conftest.c >&5
configure:15697: $? = 0
configure:15697: result: yes
configure:15697: checking paths.h presence
configure:15697: gcc -E  conftest.c
configure:15697: $? = 0
configure:15697: result: yes
configure:15697: checking for paths.h
configure:15697: result: yes
configure:15697: checking stddef.h usability
configure:15697: gcc -c -g -O2  conftest.c >&5
configure:15697: $? = 0
configure:15697: result: yes
configure:15697: checking stddef.h presence
configure:15697: gcc -E  conftest.c
configure:15697: $? = 0
configure:15697: result: yes
configure:15697: checking for stddef.h
configure:15697: result: yes
configure:15697: checking for stdlib.h
configure:15697: result: yes
configure:15697: checking for string.h
configure:15697: result: yes
configure:15697: checking linux/fd.h usability
configure:15697: gcc -c -g -O2  conftest.c >&5
configure:15697: $? = 0
configure:15697: result: yes
configure:15697: checking linux/fd.h presence
configure:15697: gcc -E  conftest.c
configure:15697: $? = 0
configure:15697: result: yes
configure:15697: checking for linux/fd.h
configure:15697: result: yes
configure:15697: checking sys/file.h usability
configure:15697: gcc -c -g -O2  conftest.c >&5
configure:15697: $? = 0
configure:15697: result: yes
configure:15697: checking sys/file.h presence
configure:15697: gcc -E  conftest.c
configure:15697: $? = 0
configure:15697: result: yes
configure:15697: checking for sys/file.h
configure:15697: result: yes
configure:15697: checking sys/ioctl.h usability
configure:15697: gcc -c -g -O2  conftest.c >&5
configure:15697: $? = 0
configure:15697: result: yes
configure:15697: checking sys/ioctl.h presence
configure:15697: gcc -E  conftest.c
configure:15697: $? = 0
configure:15697: result: yes
configure:15697: checking for sys/ioctl.h
configure:15697: result: yes
configure:15697: checking sys/mount.h usability
configure:15697: gcc -c -g -O2  conftest.c >&5
configure:15697: $? = 0
configure:15697: result: yes
configure:15697: checking sys/mount.h presence
configure:15697: gcc -E  conftest.c
configure:15697: $? = 0
configure:15697: result: yes
configure:15697: checking for sys/mount.h
configure:15697: result: yes
configure:15697: checking sys/param.h usability
configure:15697: gcc -c -g -O2  conftest.c >&5
configure:15697: $? = 0
configure:15697: result: yes
configure:15697: checking sys/param.h presence
configure:15697: gcc -E  conftest.c
configure:15697: $? = 0
configure:15697: result: yes
configure:15697: checking for sys/param.h
configure:15697: result: yes
configure:15697: checking sys/statvfs.h usability
configure:15697: gcc -c -g -O2  conftest.c >&5
configure:15697: $? = 0
configure:15697: result: yes
configure:15697: checking sys/statvfs.h presence
configure:15697: gcc -E  conftest.c
configure:15697: $? = 0
configure:15697: result: yes
configure:15697: checking for sys/statvfs.h
configure:15697: result: yes
configure:15697: checking sys/time.h usability
configure:15697: gcc -c -g -O2  conftest.c >&5
configure:15697: $? = 0
configure:15697: result: yes
configure:15697: checking sys/time.h presence
configure:15697: gcc -E  conftest.c
configure:15697: $? = 0
configure:15697: result: yes
configure:15697: checking for sys/time.h
configure:15697: result: yes
configure:15697: checking for sys/types.h
configure:15697: result: yes
configure:15697: checking for sys/stat.h
configure:15697: result: yes
configure:15697: checking sys/mkdev.h usability
configure:15697: gcc -c -g -O2  conftest.c >&5
conftest.c:77:23: fatal error: sys/mkdev.h: No such file or directory
compilation terminated.
configure:15697: $? = 1
configure: failed program was:
| /* confdefs.h */
| #define PACKAGE_NAME "fuse-ext2"
| #define PACKAGE_TARNAME "fuse-ext2"
| #define PACKAGE_VERSION "0.0.7"
| #define PACKAGE_STRING "fuse-ext2 0.0.7"
| #define PACKAGE_BUGREPORT "alper.akcan@gmail.com"
| #define PACKAGE_URL ""
| #define PACKAGE "fuse-ext2"
| #define VERSION "0.0.7"
| #define STDC_HEADERS 1
| #define HAVE_SYS_TYPES_H 1
| #define HAVE_SYS_STAT_H 1
| #define HAVE_STDLIB_H 1
| #define HAVE_STRING_H 1
| #define HAVE_MEMORY_H 1
| #define HAVE_STRINGS_H 1
| #define HAVE_INTTYPES_H 1
| #define HAVE_STDINT_H 1
| #define HAVE_UNISTD_H 1
| #define HAVE_DLFCN_H 1
| #define LT_OBJDIR ".libs/"
| #define _LARGE_FILE_SOURCE /**/
| #define _FILE_OFFSET_BITS 64
| #define HAVE_DIRENT_H 1
| #define STDC_HEADERS 1
| #define HAVE_FCNTL_H 1
| #define HAVE_MALLOC_H 1
| #define HAVE_MNTENT_H 1
| #define HAVE_NETINET_IN_H 1
| #define HAVE_PATHS_H 1
| #define HAVE_STDDEF_H 1
| #define HAVE_STDLIB_H 1
| #define HAVE_STRING_H 1
| #define HAVE_LINUX_FD_H 1
| #define HAVE_SYS_FILE_H 1
| #define HAVE_SYS_IOCTL_H 1
| #define HAVE_SYS_MOUNT_H 1
| #define HAVE_SYS_PARAM_H 1
| #define HAVE_SYS_STATVFS_H 1
| #define HAVE_SYS_TIME_H 1
| #define HAVE_SYS_TYPES_H 1
| #define HAVE_SYS_STAT_H 1
| /* end confdefs.h.  */
| #include <stdio.h>
| #ifdef HAVE_SYS_TYPES_H
| # include <sys/types.h>
| #endif
| #ifdef HAVE_SYS_STAT_H
| # include <sys/stat.h>
| #endif
| #ifdef STDC_HEADERS
| # include <stdlib.h>
| # include <stddef.h>
| #else
| # ifdef HAVE_STDLIB_H
| #  include <stdlib.h>
| # endif
| #endif
| #ifdef HAVE_STRING_H
| # if !defined STDC_HEADERS && defined HAVE_MEMORY_H
| #  include <memory.h>
| # endif
| # include <string.h>
| #endif
| #ifdef HAVE_STRINGS_H
| # include <strings.h>
| #endif
| #ifdef HAVE_INTTYPES_H
| # include <inttypes.h>
| #endif
| #ifdef HAVE_STDINT_H
| # include <stdint.h>
| #endif
| #ifdef HAVE_UNISTD_H
| # include <unistd.h>
| #endif
| #include <sys/mkdev.h>
configure:15697: result: no
configure:15697: checking sys/mkdev.h presence
configure:15697: gcc -E  conftest.c
conftest.c:44:23: fatal error: sys/mkdev.h: No such file or directory
compilation terminated.
configure:15697: $? = 1
configure: failed program was:
| /* confdefs.h */
| #define PACKAGE_NAME "fuse-ext2"
| #define PACKAGE_TARNAME "fuse-ext2"
| #define PACKAGE_VERSION "0.0.7"
| #define PACKAGE_STRING "fuse-ext2 0.0.7"
| #define PACKAGE_BUGREPORT "alper.akcan@gmail.com"
| #define PACKAGE_URL ""
| #define PACKAGE "fuse-ext2"
| #define VERSION "0.0.7"
| #define STDC_HEADERS 1
| #define HAVE_SYS_TYPES_H 1
| #define HAVE_SYS_STAT_H 1
| #define HAVE_STDLIB_H 1
| #define HAVE_STRING_H 1
| #define HAVE_MEMORY_H 1
| #define HAVE_STRINGS_H 1
| #define HAVE_INTTYPES_H 1
| #define HAVE_STDINT_H 1
| #define HAVE_UNISTD_H 1
| #define HAVE_DLFCN_H 1
| #define LT_OBJDIR ".libs/"
| #define _LARGE_FILE_SOURCE /**/
| #define _FILE_OFFSET_BITS 64
| #define HAVE_DIRENT_H 1
| #define STDC_HEADERS 1
| #define HAVE_FCNTL_H 1
| #define HAVE_MALLOC_H 1
| #define HAVE_MNTENT_H 1
| #define HAVE_NETINET_IN_H 1
| #define HAVE_PATHS_H 1
| #define HAVE_STDDEF_H 1
| #define HAVE_STDLIB_H 1
| #define HAVE_STRING_H 1
| #define HAVE_LINUX_FD_H 1
| #define HAVE_SYS_FILE_H 1
| #define HAVE_SYS_IOCTL_H 1
| #define HAVE_SYS_MOUNT_H 1
| #define HAVE_SYS_PARAM_H 1
| #define HAVE_SYS_STATVFS_H 1
| #define HAVE_SYS_TIME_H 1
| #define HAVE_SYS_TYPES_H 1
| #define HAVE_SYS_STAT_H 1
| /* end confdefs.h.  */
| #include <sys/mkdev.h>
configure:15697: result: no
configure:15697: checking for sys/mkdev.h
configure:15697: result: no
configure:15697: checking for sys/ioctl.h
configure:15697: result: yes
configure:15697: checking sys/syscall.h usability
configure:15697: gcc -c -g -O2  conftest.c >&5
configure:15697: $? = 0
configure:15697: result: yes
configure:15697: checking sys/syscall.h presence
configure:15697: gcc -E  conftest.c
configure:15697: $? = 0
configure:15697: result: yes
configure:15697: checking for sys/syscall.h
configure:15697: result: yes
configure:15697: checking sys/resource.h usability
configure:15697: gcc -c -g -O2  conftest.c >&5
configure:15697: $? = 0
configure:15697: result: yes
configure:15697: checking sys/resource.h presence
configure:15697: gcc -E  conftest.c
configure:15697: $? = 0
configure:15697: result: yes
configure:15697: checking for sys/resource.h
configure:15697: result: yes
configure:15697: checking sys/mman.h usability
configure:15697: gcc -c -g -O2  conftest.c >&5
configure:15697: $? = 0
configure:15697: result: yes
configure:15697: checking sys/mman.h presence
configure:15697: gcc -E  conftest.c
configure:15697: $? = 0
configure:15697: result: yes
configure:15697: checking for sys/mman.h
configure:15697: result: yes
configure:15697: checking sys/prctl.h usability
configure:15697: gcc -c -g -O2  conftest.c >&5
configure:15697: $? = 0
configure:15697: result: yes
configure:15697: checking sys/prctl.h presence
configure:15697: gcc -E  conftest.c
configure:15697: $? = 0
configure:15697: result: yes
configure:15697: checking for sys/prctl.h
configure:15697: result: yes
configure:15697: checking sys/disklabel.h usability
configure:15697: gcc -c -g -O2  conftest.c >&5
conftest.c:82:27: fatal error: sys/disklabel.h: No such file or directory
compilation terminated.
configure:15697: $? = 1
configure: failed program was:
| /* confdefs.h */
| #define PACKAGE_NAME "fuse-ext2"
| #define PACKAGE_TARNAME "fuse-ext2"
| #define PACKAGE_VERSION "0.0.7"
| #define PACKAGE_STRING "fuse-ext2 0.0.7"
| #define PACKAGE_BUGREPORT "alper.akcan@gmail.com"
| #define PACKAGE_URL ""
| #define PACKAGE "fuse-ext2"
| #define VERSION "0.0.7"
| #define STDC_HEADERS 1
| #define HAVE_SYS_TYPES_H 1
| #define HAVE_SYS_STAT_H 1
| #define HAVE_STDLIB_H 1
| #define HAVE_STRING_H 1
| #define HAVE_MEMORY_H 1
| #define HAVE_STRINGS_H 1
| #define HAVE_INTTYPES_H 1
| #define HAVE_STDINT_H 1
| #define HAVE_UNISTD_H 1
| #define HAVE_DLFCN_H 1
| #define LT_OBJDIR ".libs/"
| #define _LARGE_FILE_SOURCE /**/
| #define _FILE_OFFSET_BITS 64
| #define HAVE_DIRENT_H 1
| #define STDC_HEADERS 1
| #define HAVE_FCNTL_H 1
| #define HAVE_MALLOC_H 1
| #define HAVE_MNTENT_H 1
| #define HAVE_NETINET_IN_H 1
| #define HAVE_PATHS_H 1
| #define HAVE_STDDEF_H 1
| #define HAVE_STDLIB_H 1
| #define HAVE_STRING_H 1
| #define HAVE_LINUX_FD_H 1
| #define HAVE_SYS_FILE_H 1
| #define HAVE_SYS_IOCTL_H 1
| #define HAVE_SYS_MOUNT_H 1
| #define HAVE_SYS_PARAM_H 1
| #define HAVE_SYS_STATVFS_H 1
| #define HAVE_SYS_TIME_H 1
| #define HAVE_SYS_TYPES_H 1
| #define HAVE_SYS_STAT_H 1
| #define HAVE_SYS_IOCTL_H 1
| #define HAVE_SYS_SYSCALL_H 1
| #define HAVE_SYS_RESOURCE_H 1
| #define HAVE_SYS_MMAN_H 1
| #define HAVE_SYS_PRCTL_H 1
| /* end confdefs.h.  */
| #include <stdio.h>
| #ifdef HAVE_SYS_TYPES_H
| # include <sys/types.h>
| #endif
| #ifdef HAVE_SYS_STAT_H
| # include <sys/stat.h>
| #endif
| #ifdef STDC_HEADERS
| # include <stdlib.h>
| # include <stddef.h>
| #else
| # ifdef HAVE_STDLIB_H
| #  include <stdlib.h>
| # endif
| #endif
| #ifdef HAVE_STRING_H
| # if !defined STDC_HEADERS && defined HAVE_MEMORY_H
| #  include <memory.h>
| # endif
| # include <string.h>
| #endif
| #ifdef HAVE_STRINGS_H
| # include <strings.h>
| #endif
| #ifdef HAVE_INTTYPES_H
| # include <inttypes.h>
| #endif
| #ifdef HAVE_STDINT_H
| # include <stdint.h>
| #endif
| #ifdef HAVE_UNISTD_H
| # include <unistd.h>
| #endif
| #include <sys/disklabel.h>
configure:15697: result: no
configure:15697: checking sys/disklabel.h presence
configure:15697: gcc -E  conftest.c
conftest.c:49:27: fatal error: sys/disklabel.h: No such file or directory
compilation terminated.
configure:15697: $? = 1
configure: failed program was:
| /* confdefs.h */
| #define PACKAGE_NAME "fuse-ext2"
| #define PACKAGE_TARNAME "fuse-ext2"
| #define PACKAGE_VERSION "0.0.7"
| #define PACKAGE_STRING "fuse-ext2 0.0.7"
| #define PACKAGE_BUGREPORT "alper.akcan@gmail.com"
| #define PACKAGE_URL ""
| #define PACKAGE "fuse-ext2"
| #define VERSION "0.0.7"
| #define STDC_HEADERS 1
| #define HAVE_SYS_TYPES_H 1
| #define HAVE_SYS_STAT_H 1
| #define HAVE_STDLIB_H 1
| #define HAVE_STRING_H 1
| #define HAVE_MEMORY_H 1
| #define HAVE_STRINGS_H 1
| #define HAVE_INTTYPES_H 1
| #define HAVE_STDINT_H 1
| #define HAVE_UNISTD_H 1
| #define HAVE_DLFCN_H 1
| #define LT_OBJDIR ".libs/"
| #define _LARGE_FILE_SOURCE /**/
| #define _FILE_OFFSET_BITS 64
| #define HAVE_DIRENT_H 1
| #define STDC_HEADERS 1
| #define HAVE_FCNTL_H 1
| #define HAVE_MALLOC_H 1
| #define HAVE_MNTENT_H 1
| #define HAVE_NETINET_IN_H 1
| #define HAVE_PATHS_H 1
| #define HAVE_STDDEF_H 1
| #define HAVE_STDLIB_H 1
| #define HAVE_STRING_H 1
| #define HAVE_LINUX_FD_H 1
| #define HAVE_SYS_FILE_H 1
| #define HAVE_SYS_IOCTL_H 1
| #define HAVE_SYS_MOUNT_H 1
| #define HAVE_SYS_PARAM_H 1
| #define HAVE_SYS_STATVFS_H 1
| #define HAVE_SYS_TIME_H 1
| #define HAVE_SYS_TYPES_H 1
| #define HAVE_SYS_STAT_H 1
| #define HAVE_SYS_IOCTL_H 1
| #define HAVE_SYS_SYSCALL_H 1
| #define HAVE_SYS_RESOURCE_H 1
| #define HAVE_SYS_MMAN_H 1
| #define HAVE_SYS_PRCTL_H 1
| /* end confdefs.h.  */
| #include <sys/disklabel.h>
configure:15697: result: no
configure:15697: checking for sys/disklabel.h
configure:15697: result: no
configure:15697: checking sys/queue.h usability
configure:15697: gcc -c -g -O2  conftest.c >&5
configure:15697: $? = 0
configure:15697: result: yes
configure:15697: checking sys/queue.h presence
configure:15697: gcc -E  conftest.c
configure:15697: $? = 0
configure:15697: result: yes
configure:15697: checking for sys/queue.h
configure:15697: result: yes
configure:15697: checking sys/socket.h usability
configure:15697: gcc -c -g -O2  conftest.c >&5
configure:15697: $? = 0
configure:15697: result: yes
configure:15697: checking sys/socket.h presence
configure:15697: gcc -E  conftest.c
configure:15697: $? = 0
configure:15697: result: yes
configure:15697: checking for sys/socket.h
configure:15697: result: yes
configure:15697: checking sys/un.h usability
configure:15697: gcc -c -g -O2  conftest.c >&5
configure:15697: $? = 0
configure:15697: result: yes
configure:15697: checking sys/un.h presence
configure:15697: gcc -E  conftest.c
configure:15697: $? = 0
configure:15697: result: yes
configure:15697: checking for sys/un.h
configure:15697: result: yes
configure:15697: checking sys/sockio.h usability
configure:15697: gcc -c -g -O2  conftest.c >&5
conftest.c:85:24: fatal error: sys/sockio.h: No such file or directory
compilation terminated.
configure:15697: $? = 1
configure: failed program was:
| /* confdefs.h */
| #define PACKAGE_NAME "fuse-ext2"
| #define PACKAGE_TARNAME "fuse-ext2"
| #define PACKAGE_VERSION "0.0.7"
| #define PACKAGE_STRING "fuse-ext2 0.0.7"
| #define PACKAGE_BUGREPORT "alper.akcan@gmail.com"
| #define PACKAGE_URL ""
| #define PACKAGE "fuse-ext2"
| #define VERSION "0.0.7"
| #define STDC_HEADERS 1
| #define HAVE_SYS_TYPES_H 1
| #define HAVE_SYS_STAT_H 1
| #define HAVE_STDLIB_H 1
| #define HAVE_STRING_H 1
| #define HAVE_MEMORY_H 1
| #define HAVE_STRINGS_H 1
| #define HAVE_INTTYPES_H 1
| #define HAVE_STDINT_H 1
| #define HAVE_UNISTD_H 1
| #define HAVE_DLFCN_H 1
| #define LT_OBJDIR ".libs/"
| #define _LARGE_FILE_SOURCE /**/
| #define _FILE_OFFSET_BITS 64
| #define HAVE_DIRENT_H 1
| #define STDC_HEADERS 1
| #define HAVE_FCNTL_H 1
| #define HAVE_MALLOC_H 1
| #define HAVE_MNTENT_H 1
| #define HAVE_NETINET_IN_H 1
| #define HAVE_PATHS_H 1
| #define HAVE_STDDEF_H 1
| #define HAVE_STDLIB_H 1
| #define HAVE_STRING_H 1
| #define HAVE_LINUX_FD_H 1
| #define HAVE_SYS_FILE_H 1
| #define HAVE_SYS_IOCTL_H 1
| #define HAVE_SYS_MOUNT_H 1
| #define HAVE_SYS_PARAM_H 1
| #define HAVE_SYS_STATVFS_H 1
| #define HAVE_SYS_TIME_H 1
| #define HAVE_SYS_TYPES_H 1
| #define HAVE_SYS_STAT_H 1
| #define HAVE_SYS_IOCTL_H 1
| #define HAVE_SYS_SYSCALL_H 1
| #define HAVE_SYS_RESOURCE_H 1
| #define HAVE_SYS_MMAN_H 1
| #define HAVE_SYS_PRCTL_H 1
| #define HAVE_SYS_QUEUE_H 1
| #define HAVE_SYS_SOCKET_H 1
| #define HAVE_SYS_UN_H 1
| /* end confdefs.h.  */
| #include <stdio.h>
| #ifdef HAVE_SYS_TYPES_H
| # include <sys/types.h>
| #endif
| #ifdef HAVE_SYS_STAT_H
| # include <sys/stat.h>
| #endif
| #ifdef STDC_HEADERS
| # include <stdlib.h>
| # include <stddef.h>
| #else
| # ifdef HAVE_STDLIB_H
| #  include <stdlib.h>
| # endif
| #endif
| #ifdef HAVE_STRING_H
| # if !defined STDC_HEADERS && defined HAVE_MEMORY_H
| #  include <memory.h>
| # endif
| # include <string.h>
| #endif
| #ifdef HAVE_STRINGS_H
| # include <strings.h>
| #endif
| #ifdef HAVE_INTTYPES_H
| # include <inttypes.h>
| #endif
| #ifdef HAVE_STDINT_H
| # include <stdint.h>
| #endif
| #ifdef HAVE_UNISTD_H
| # include <unistd.h>
| #endif
| #include <sys/sockio.h>
configure:15697: result: no
configure:15697: checking sys/sockio.h presence
configure:15697: gcc -E  conftest.c
conftest.c:52:24: fatal error: sys/sockio.h: No such file or directory
compilation terminated.
configure:15697: $? = 1
configure: failed program was:
| /* confdefs.h */
| #define PACKAGE_NAME "fuse-ext2"
| #define PACKAGE_TARNAME "fuse-ext2"
| #define PACKAGE_VERSION "0.0.7"
| #define PACKAGE_STRING "fuse-ext2 0.0.7"
| #define PACKAGE_BUGREPORT "alper.akcan@gmail.com"
| #define PACKAGE_URL ""
| #define PACKAGE "fuse-ext2"
| #define VERSION "0.0.7"
| #define STDC_HEADERS 1
| #define HAVE_SYS_TYPES_H 1
| #define HAVE_SYS_STAT_H 1
| #define HAVE_STDLIB_H 1
| #define HAVE_STRING_H 1
| #define HAVE_MEMORY_H 1
| #define HAVE_STRINGS_H 1
| #define HAVE_INTTYPES_H 1
| #define HAVE_STDINT_H 1
| #define HAVE_UNISTD_H 1
| #define HAVE_DLFCN_H 1
| #define LT_OBJDIR ".libs/"
| #define _LARGE_FILE_SOURCE /**/
| #define _FILE_OFFSET_BITS 64
| #define HAVE_DIRENT_H 1
| #define STDC_HEADERS 1
| #define HAVE_FCNTL_H 1
| #define HAVE_MALLOC_H 1
| #define HAVE_MNTENT_H 1
| #define HAVE_NETINET_IN_H 1
| #define HAVE_PATHS_H 1
| #define HAVE_STDDEF_H 1
| #define HAVE_STDLIB_H 1
| #define HAVE_STRING_H 1
| #define HAVE_LINUX_FD_H 1
| #define HAVE_SYS_FILE_H 1
| #define HAVE_SYS_IOCTL_H 1
| #define HAVE_SYS_MOUNT_H 1
| #define HAVE_SYS_PARAM_H 1
| #define HAVE_SYS_STATVFS_H 1
| #define HAVE_SYS_TIME_H 1
| #define HAVE_SYS_TYPES_H 1
| #define HAVE_SYS_STAT_H 1
| #define HAVE_SYS_IOCTL_H 1
| #define HAVE_SYS_SYSCALL_H 1
| #define HAVE_SYS_RESOURCE_H 1
| #define HAVE_SYS_MMAN_H 1
| #define HAVE_SYS_PRCTL_H 1
| #define HAVE_SYS_QUEUE_H 1
| #define HAVE_SYS_SOCKET_H 1
| #define HAVE_SYS_UN_H 1
| /* end confdefs.h.  */
| #include <sys/sockio.h>
configure:15697: result: no
configure:15697: checking for sys/sockio.h
configure:15697: result: no
configure:15697: checking net/if.h usability
configure:15697: gcc -c -g -O2  conftest.c >&5
configure:15697: $? = 0
configure:15697: result: yes
configure:15697: checking net/if.h presence
configure:15697: gcc -E  conftest.c
configure:15697: $? = 0
configure:15697: result: yes
configure:15697: checking for net/if.h
configure:15697: result: yes
configure:15697: checking for netinet/in.h
configure:15697: result: yes
configure:15697: checking net/if_dl.h usability
configure:15697: gcc -c -g -O2  conftest.c >&5
conftest.c:87:23: fatal error: net/if_dl.h: No such file or directory
compilation terminated.
configure:15697: $? = 1
configure: failed program was:
| /* confdefs.h */
| #define PACKAGE_NAME "fuse-ext2"
| #define PACKAGE_TARNAME "fuse-ext2"
| #define PACKAGE_VERSION "0.0.7"
| #define PACKAGE_STRING "fuse-ext2 0.0.7"
| #define PACKAGE_BUGREPORT "alper.akcan@gmail.com"
| #define PACKAGE_URL ""
| #define PACKAGE "fuse-ext2"
| #define VERSION "0.0.7"
| #define STDC_HEADERS 1
| #define HAVE_SYS_TYPES_H 1
| #define HAVE_SYS_STAT_H 1
| #define HAVE_STDLIB_H 1
| #define HAVE_STRING_H 1
| #define HAVE_MEMORY_H 1
| #define HAVE_STRINGS_H 1
| #define HAVE_INTTYPES_H 1
| #define HAVE_STDINT_H 1
| #define HAVE_UNISTD_H 1
| #define HAVE_DLFCN_H 1
| #define LT_OBJDIR ".libs/"
| #define _LARGE_FILE_SOURCE /**/
| #define _FILE_OFFSET_BITS 64
| #define HAVE_DIRENT_H 1
| #define STDC_HEADERS 1
| #define HAVE_FCNTL_H 1
| #define HAVE_MALLOC_H 1
| #define HAVE_MNTENT_H 1
| #define HAVE_NETINET_IN_H 1
| #define HAVE_PATHS_H 1
| #define HAVE_STDDEF_H 1
| #define HAVE_STDLIB_H 1
| #define HAVE_STRING_H 1
| #define HAVE_LINUX_FD_H 1
| #define HAVE_SYS_FILE_H 1
| #define HAVE_SYS_IOCTL_H 1
| #define HAVE_SYS_MOUNT_H 1
| #define HAVE_SYS_PARAM_H 1
| #define HAVE_SYS_STATVFS_H 1
| #define HAVE_SYS_TIME_H 1
| #define HAVE_SYS_TYPES_H 1
| #define HAVE_SYS_STAT_H 1
| #define HAVE_SYS_IOCTL_H 1
| #define HAVE_SYS_SYSCALL_H 1
| #define HAVE_SYS_RESOURCE_H 1
| #define HAVE_SYS_MMAN_H 1
| #define HAVE_SYS_PRCTL_H 1
| #define HAVE_SYS_QUEUE_H 1
| #define HAVE_SYS_SOCKET_H 1
| #define HAVE_SYS_UN_H 1
| #define HAVE_NET_IF_H 1
| #define HAVE_NETINET_IN_H 1
| /* end confdefs.h.  */
| #include <stdio.h>
| #ifdef HAVE_SYS_TYPES_H
| # include <sys/types.h>
| #endif
| #ifdef HAVE_SYS_STAT_H
| # include <sys/stat.h>
| #endif
| #ifdef STDC_HEADERS
| # include <stdlib.h>
| # include <stddef.h>
| #else
| # ifdef HAVE_STDLIB_H
| #  include <stdlib.h>
| # endif
| #endif
| #ifdef HAVE_STRING_H
| # if !defined STDC_HEADERS && defined HAVE_MEMORY_H
| #  include <memory.h>
| # endif
| # include <string.h>
| #endif
| #ifdef HAVE_STRINGS_H
| # include <strings.h>
| #endif
| #ifdef HAVE_INTTYPES_H
| # include <inttypes.h>
| #endif
| #ifdef HAVE_STDINT_H
| # include <stdint.h>
| #endif
| #ifdef HAVE_UNISTD_H
| # include <unistd.h>
| #endif
| #include <net/if_dl.h>
configure:15697: result: no
configure:15697: checking net/if_dl.h presence
configure:15697: gcc -E  conftest.c
conftest.c:54:23: fatal error: net/if_dl.h: No such file or directory
compilation terminated.
configure:15697: $? = 1
configure: failed program was:
| /* confdefs.h */
| #define PACKAGE_NAME "fuse-ext2"
| #define PACKAGE_TARNAME "fuse-ext2"
| #define PACKAGE_VERSION "0.0.7"
| #define PACKAGE_STRING "fuse-ext2 0.0.7"
| #define PACKAGE_BUGREPORT "alper.akcan@gmail.com"
| #define PACKAGE_URL ""
| #define PACKAGE "fuse-ext2"
| #define VERSION "0.0.7"
| #define STDC_HEADERS 1
| #define HAVE_SYS_TYPES_H 1
| #define HAVE_SYS_STAT_H 1
| #define HAVE_STDLIB_H 1
| #define HAVE_STRING_H 1
| #define HAVE_MEMORY_H 1
| #define HAVE_STRINGS_H 1
| #define HAVE_INTTYPES_H 1
| #define HAVE_STDINT_H 1
| #define HAVE_UNISTD_H 1
| #define HAVE_DLFCN_H 1
| #define LT_OBJDIR ".libs/"
| #define _LARGE_FILE_SOURCE /**/
| #define _FILE_OFFSET_BITS 64
| #define HAVE_DIRENT_H 1
| #define STDC_HEADERS 1
| #define HAVE_FCNTL_H 1
| #define HAVE_MALLOC_H 1
| #define HAVE_MNTENT_H 1
| #define HAVE_NETINET_IN_H 1
| #define HAVE_PATHS_H 1
| #define HAVE_STDDEF_H 1
| #define HAVE_STDLIB_H 1
| #define HAVE_STRING_H 1
| #define HAVE_LINUX_FD_H 1
| #define HAVE_SYS_FILE_H 1
| #define HAVE_SYS_IOCTL_H 1
| #define HAVE_SYS_MOUNT_H 1
| #define HAVE_SYS_PARAM_H 1
| #define HAVE_SYS_STATVFS_H 1
| #define HAVE_SYS_TIME_H 1
| #define HAVE_SYS_TYPES_H 1
| #define HAVE_SYS_STAT_H 1
| #define HAVE_SYS_IOCTL_H 1
| #define HAVE_SYS_SYSCALL_H 1
| #define HAVE_SYS_RESOURCE_H 1
| #define HAVE_SYS_MMAN_H 1
| #define HAVE_SYS_PRCTL_H 1
| #define HAVE_SYS_QUEUE_H 1
| #define HAVE_SYS_SOCKET_H 1
| #define HAVE_SYS_UN_H 1
| #define HAVE_NET_IF_H 1
| #define HAVE_NETINET_IN_H 1
| /* end confdefs.h.  */
| #include <net/if_dl.h>
configure:15697: result: no
configure:15697: checking for net/if_dl.h
configure:15697: result: no
configure:15697: checking errno.h usability
configure:15697: gcc -c -g -O2  conftest.c >&5
configure:15697: $? = 0
configure:15697: result: yes
configure:15697: checking errno.h presence
configure:15697: gcc -E  conftest.c
configure:15697: $? = 0
configure:15697: result: yes
configure:15697: checking for errno.h
configure:15697: result: yes
configure:15697: checking for unistd.h
configure:15697: result: yes
configure:15697: checking utime.h usability
configure:15697: gcc -c -g -O2  conftest.c >&5
configure:15697: $? = 0
configure:15697: result: yes
configure:15697: checking utime.h presence
configure:15697: gcc -E  conftest.c
configure:15697: $? = 0
configure:15697: result: yes
configure:15697: checking for utime.h
configure:15697: result: yes
configure:15697: checking getopt.h usability
configure:15697: gcc -c -g -O2  conftest.c >&5
configure:15697: $? = 0
configure:15697: result: yes
configure:15697: checking getopt.h presence
configure:15697: gcc -E  conftest.c
configure:15697: $? = 0
configure:15697: result: yes
configure:15697: checking for getopt.h
configure:15697: result: yes
configure:15697: checking for inttypes.h
configure:15697: result: yes
configure:15711: checking for sys/disk.h
configure:15711: gcc -c -g -O2  conftest.c >&5
conftest.c:65:22: fatal error: sys/disk.h: No such file or directory
compilation terminated.
configure:15711: $? = 1
configure: failed program was:
| /* confdefs.h */
| #define PACKAGE_NAME "fuse-ext2"
| #define PACKAGE_TARNAME "fuse-ext2"
| #define PACKAGE_VERSION "0.0.7"
| #define PACKAGE_STRING "fuse-ext2 0.0.7"
| #define PACKAGE_BUGREPORT "alper.akcan@gmail.com"
| #define PACKAGE_URL ""
| #define PACKAGE "fuse-ext2"
| #define VERSION "0.0.7"
| #define STDC_HEADERS 1
| #define HAVE_SYS_TYPES_H 1
| #define HAVE_SYS_STAT_H 1
| #define HAVE_STDLIB_H 1
| #define HAVE_STRING_H 1
| #define HAVE_MEMORY_H 1
| #define HAVE_STRINGS_H 1
| #define HAVE_INTTYPES_H 1
| #define HAVE_STDINT_H 1
| #define HAVE_UNISTD_H 1
| #define HAVE_DLFCN_H 1
| #define LT_OBJDIR ".libs/"
| #define _LARGE_FILE_SOURCE /**/
| #define _FILE_OFFSET_BITS 64
| #define HAVE_DIRENT_H 1
| #define STDC_HEADERS 1
| #define HAVE_FCNTL_H 1
| #define HAVE_MALLOC_H 1
| #define HAVE_MNTENT_H 1
| #define HAVE_NETINET_IN_H 1
| #define HAVE_PATHS_H 1
| #define HAVE_STDDEF_H 1
| #define HAVE_STDLIB_H 1
| #define HAVE_STRING_H 1
| #define HAVE_LINUX_FD_H 1
| #define HAVE_SYS_FILE_H 1
| #define HAVE_SYS_IOCTL_H 1
| #define HAVE_SYS_MOUNT_H 1
| #define HAVE_SYS_PARAM_H 1
| #define HAVE_SYS_STATVFS_H 1
| #define HAVE_SYS_TIME_H 1
| #define HAVE_SYS_TYPES_H 1
| #define HAVE_SYS_STAT_H 1
| #define HAVE_SYS_IOCTL_H 1
| #define HAVE_SYS_SYSCALL_H 1
| #define HAVE_SYS_RESOURCE_H 1
| #define HAVE_SYS_MMAN_H 1
| #define HAVE_SYS_PRCTL_H 1
| #define HAVE_SYS_QUEUE_H 1
| #define HAVE_SYS_SOCKET_H 1
| #define HAVE_SYS_UN_H 1
| #define HAVE_NET_IF_H 1
| #define HAVE_NETINET_IN_H 1
| #define HAVE_ERRNO_H 1
| #define HAVE_UNISTD_H 1
| #define HAVE_UTIME_H 1
| #define HAVE_GETOPT_H 1
| #define HAVE_INTTYPES_H 1
| /* end confdefs.h.  */
| 
| #if HAVE_SYS_QUEUE_H
| #include <sys/queue.h>
| #endif
| 
| 
| #include <sys/disk.h>
configure:15711: result: no
configure:15711: checking for sys/mount.h
configure:15711: result: yes
configure:15728: checking for an ANSI C-conforming const
configure:15793: gcc -c -g -O2  conftest.c >&5
configure:15793: $? = 0
configure:15800: result: yes
configure:15808: checking for inline
configure:15824: gcc -c -g -O2  conftest.c >&5
configure:15824: $? = 0
configure:15832: result: inline
configure:15850: checking for mode_t
configure:15850: gcc -c -g -O2  conftest.c >&5
configure:15850: $? = 0
configure:15850: gcc -c -g -O2  conftest.c >&5
conftest.c: In function 'main':
conftest.c:96:21: error: expected expression before ')' token
configure:15850: $? = 1
configure: failed program was:
| /* confdefs.h */
| #define PACKAGE_NAME "fuse-ext2"
| #define PACKAGE_TARNAME "fuse-ext2"
| #define PACKAGE_VERSION "0.0.7"
| #define PACKAGE_STRING "fuse-ext2 0.0.7"
| #define PACKAGE_BUGREPORT "alper.akcan@gmail.com"
| #define PACKAGE_URL ""
| #define PACKAGE "fuse-ext2"
| #define VERSION "0.0.7"
| #define STDC_HEADERS 1
| #define HAVE_SYS_TYPES_H 1
| #define HAVE_SYS_STAT_H 1
| #define HAVE_STDLIB_H 1
| #define HAVE_STRING_H 1
| #define HAVE_MEMORY_H 1
| #define HAVE_STRINGS_H 1
| #define HAVE_INTTYPES_H 1
| #define HAVE_STDINT_H 1
| #define HAVE_UNISTD_H 1
| #define HAVE_DLFCN_H 1
| #define LT_OBJDIR ".libs/"
| #define _LARGE_FILE_SOURCE /**/
| #define _FILE_OFFSET_BITS 64
| #define HAVE_DIRENT_H 1
| #define STDC_HEADERS 1
| #define HAVE_FCNTL_H 1
| #define HAVE_MALLOC_H 1
| #define HAVE_MNTENT_H 1
| #define HAVE_NETINET_IN_H 1
| #define HAVE_PATHS_H 1
| #define HAVE_STDDEF_H 1
| #define HAVE_STDLIB_H 1
| #define HAVE_STRING_H 1
| #define HAVE_LINUX_FD_H 1
| #define HAVE_SYS_FILE_H 1
| #define HAVE_SYS_IOCTL_H 1
| #define HAVE_SYS_MOUNT_H 1
| #define HAVE_SYS_PARAM_H 1
| #define HAVE_SYS_STATVFS_H 1
| #define HAVE_SYS_TIME_H 1
| #define HAVE_SYS_TYPES_H 1
| #define HAVE_SYS_STAT_H 1
| #define HAVE_SYS_IOCTL_H 1
| #define HAVE_SYS_SYSCALL_H 1
| #define HAVE_SYS_RESOURCE_H 1
| #define HAVE_SYS_MMAN_H 1
| #define HAVE_SYS_PRCTL_H 1
| #define HAVE_SYS_QUEUE_H 1
| #define HAVE_SYS_SOCKET_H 1
| #define HAVE_SYS_UN_H 1
| #define HAVE_NET_IF_H 1
| #define HAVE_NETINET_IN_H 1
| #define HAVE_ERRNO_H 1
| #define HAVE_UNISTD_H 1
| #define HAVE_UTIME_H 1
| #define HAVE_GETOPT_H 1
| #define HAVE_INTTYPES_H 1
| #define HAVE_SYS_MOUNT_H 1
| /* end confdefs.h.  */
| #include <stdio.h>
| #ifdef HAVE_SYS_TYPES_H
| # include <sys/types.h>
| #endif
| #ifdef HAVE_SYS_STAT_H
| # include <sys/stat.h>
| #endif
| #ifdef STDC_HEADERS
| # include <stdlib.h>
| # include <stddef.h>
| #else
| # ifdef HAVE_STDLIB_H
| #  include <stdlib.h>
| # endif
| #endif
| #ifdef HAVE_STRING_H
| # if !defined STDC_HEADERS && defined HAVE_MEMORY_H
| #  include <memory.h>
| # endif
| # include <string.h>
| #endif
| #ifdef HAVE_STRINGS_H
| # include <strings.h>
| #endif
| #ifdef HAVE_INTTYPES_H
| # include <inttypes.h>
| #endif
| #ifdef HAVE_STDINT_H
| # include <stdint.h>
| #endif
| #ifdef HAVE_UNISTD_H
| # include <unistd.h>
| #endif
| int
| main ()
| {
| if (sizeof ((mode_t)))
| 	    return 0;
|   ;
|   return 0;
| }
configure:15850: result: yes
configure:15861: checking for off_t
configure:15861: result: yes
configure:15872: checking for size_t
configure:15872: result: yes
configure:15883: checking for ssize_t
configure:15883: gcc -c -g -O2  conftest.c >&5
configure:15883: $? = 0
configure:15883: gcc -c -g -O2  conftest.c >&5
conftest.c: In function 'main':
conftest.c:96:22: error: expected expression before ')' token
configure:15883: $? = 1
configure: failed program was:
| /* confdefs.h */
| #define PACKAGE_NAME "fuse-ext2"
| #define PACKAGE_TARNAME "fuse-ext2"
| #define PACKAGE_VERSION "0.0.7"
| #define PACKAGE_STRING "fuse-ext2 0.0.7"
| #define PACKAGE_BUGREPORT "alper.akcan@gmail.com"
| #define PACKAGE_URL ""
| #define PACKAGE "fuse-ext2"
| #define VERSION "0.0.7"
| #define STDC_HEADERS 1
| #define HAVE_SYS_TYPES_H 1
| #define HAVE_SYS_STAT_H 1
| #define HAVE_STDLIB_H 1
| #define HAVE_STRING_H 1
| #define HAVE_MEMORY_H 1
| #define HAVE_STRINGS_H 1
| #define HAVE_INTTYPES_H 1
| #define HAVE_STDINT_H 1
| #define HAVE_UNISTD_H 1
| #define HAVE_DLFCN_H 1
| #define LT_OBJDIR ".libs/"
| #define _LARGE_FILE_SOURCE /**/
| #define _FILE_OFFSET_BITS 64
| #define HAVE_DIRENT_H 1
| #define STDC_HEADERS 1
| #define HAVE_FCNTL_H 1
| #define HAVE_MALLOC_H 1
| #define HAVE_MNTENT_H 1
| #define HAVE_NETINET_IN_H 1
| #define HAVE_PATHS_H 1
| #define HAVE_STDDEF_H 1
| #define HAVE_STDLIB_H 1
| #define HAVE_STRING_H 1
| #define HAVE_LINUX_FD_H 1
| #define HAVE_SYS_FILE_H 1
| #define HAVE_SYS_IOCTL_H 1
| #define HAVE_SYS_MOUNT_H 1
| #define HAVE_SYS_PARAM_H 1
| #define HAVE_SYS_STATVFS_H 1
| #define HAVE_SYS_TIME_H 1
| #define HAVE_SYS_TYPES_H 1
| #define HAVE_SYS_STAT_H 1
| #define HAVE_SYS_IOCTL_H 1
| #define HAVE_SYS_SYSCALL_H 1
| #define HAVE_SYS_RESOURCE_H 1
| #define HAVE_SYS_MMAN_H 1
| #define HAVE_SYS_PRCTL_H 1
| #define HAVE_SYS_QUEUE_H 1
| #define HAVE_SYS_SOCKET_H 1
| #define HAVE_SYS_UN_H 1
| #define HAVE_NET_IF_H 1
| #define HAVE_NETINET_IN_H 1
| #define HAVE_ERRNO_H 1
| #define HAVE_UNISTD_H 1
| #define HAVE_UTIME_H 1
| #define HAVE_GETOPT_H 1
| #define HAVE_INTTYPES_H 1
| #define HAVE_SYS_MOUNT_H 1
| /* end confdefs.h.  */
| #include <stdio.h>
| #ifdef HAVE_SYS_TYPES_H
| # include <sys/types.h>
| #endif
| #ifdef HAVE_SYS_STAT_H
| # include <sys/stat.h>
| #endif
| #ifdef STDC_HEADERS
| # include <stdlib.h>
| # include <stddef.h>
| #else
| # ifdef HAVE_STDLIB_H
| #  include <stdlib.h>
| # endif
| #endif
| #ifdef HAVE_STRING_H
| # if !defined STDC_HEADERS && defined HAVE_MEMORY_H
| #  include <memory.h>
| # endif
| # include <string.h>
| #endif
| #ifdef HAVE_STRINGS_H
| # include <strings.h>
| #endif
| #ifdef HAVE_INTTYPES_H
| # include <inttypes.h>
| #endif
| #ifdef HAVE_STDINT_H
| # include <stdint.h>
| #endif
| #ifdef HAVE_UNISTD_H
| # include <unistd.h>
| #endif
| int
| main ()
| {
| if (sizeof ((ssize_t)))
| 	    return 0;
|   ;
|   return 0;
| }
configure:15883: result: yes
configure:15894: checking for struct stat.st_blksize
configure:15894: gcc -c -g -O2  conftest.c >&5
configure:15894: $? = 0
configure:15894: result: yes
configure:15904: checking for struct stat.st_blocks
configure:15904: gcc -c -g -O2  conftest.c >&5
configure:15904: $? = 0
configure:15904: result: yes
configure:15924: checking for struct stat.st_rdev
configure:15924: gcc -c -g -O2  conftest.c >&5
configure:15924: $? = 0
configure:15924: result: yes
configure:15934: checking whether time.h and sys/time.h may both be included
configure:15954: gcc -c -g -O2  conftest.c >&5
configure:15954: $? = 0
configure:15961: result: yes
configure:15969: checking whether llseek is declared
configure:15969: gcc -c -g -O2  conftest.c >&5
conftest.c: In function 'main':
conftest.c:74:10: error: 'llseek' undeclared (first use in this function)
conftest.c:74:10: note: each undeclared identifier is reported only once for each function it appears in
configure:15969: $? = 1
configure: failed program was:
| /* confdefs.h */
| #define PACKAGE_NAME "fuse-ext2"
| #define PACKAGE_TARNAME "fuse-ext2"
| #define PACKAGE_VERSION "0.0.7"
| #define PACKAGE_STRING "fuse-ext2 0.0.7"
| #define PACKAGE_BUGREPORT "alper.akcan@gmail.com"
| #define PACKAGE_URL ""
| #define PACKAGE "fuse-ext2"
| #define VERSION "0.0.7"
| #define STDC_HEADERS 1
| #define HAVE_SYS_TYPES_H 1
| #define HAVE_SYS_STAT_H 1
| #define HAVE_STDLIB_H 1
| #define HAVE_STRING_H 1
| #define HAVE_MEMORY_H 1
| #define HAVE_STRINGS_H 1
| #define HAVE_INTTYPES_H 1
| #define HAVE_STDINT_H 1
| #define HAVE_UNISTD_H 1
| #define HAVE_DLFCN_H 1
| #define LT_OBJDIR ".libs/"
| #define _LARGE_FILE_SOURCE /**/
| #define _FILE_OFFSET_BITS 64
| #define HAVE_DIRENT_H 1
| #define STDC_HEADERS 1
| #define HAVE_FCNTL_H 1
| #define HAVE_MALLOC_H 1
| #define HAVE_MNTENT_H 1
| #define HAVE_NETINET_IN_H 1
| #define HAVE_PATHS_H 1
| #define HAVE_STDDEF_H 1
| #define HAVE_STDLIB_H 1
| #define HAVE_STRING_H 1
| #define HAVE_LINUX_FD_H 1
| #define HAVE_SYS_FILE_H 1
| #define HAVE_SYS_IOCTL_H 1
| #define HAVE_SYS_MOUNT_H 1
| #define HAVE_SYS_PARAM_H 1
| #define HAVE_SYS_STATVFS_H 1
| #define HAVE_SYS_TIME_H 1
| #define HAVE_SYS_TYPES_H 1
| #define HAVE_SYS_STAT_H 1
| #define HAVE_SYS_IOCTL_H 1
| #define HAVE_SYS_SYSCALL_H 1
| #define HAVE_SYS_RESOURCE_H 1
| #define HAVE_SYS_MMAN_H 1
| #define HAVE_SYS_PRCTL_H 1
| #define HAVE_SYS_QUEUE_H 1
| #define HAVE_SYS_SOCKET_H 1
| #define HAVE_SYS_UN_H 1
| #define HAVE_NET_IF_H 1
| #define HAVE_NETINET_IN_H 1
| #define HAVE_ERRNO_H 1
| #define HAVE_UNISTD_H 1
| #define HAVE_UTIME_H 1
| #define HAVE_GETOPT_H 1
| #define HAVE_INTTYPES_H 1
| #define HAVE_SYS_MOUNT_H 1
| #define HAVE_STRUCT_STAT_ST_BLKSIZE 1
| #define HAVE_STRUCT_STAT_ST_BLOCKS 1
| #define HAVE_ST_BLOCKS 1
| #define HAVE_STRUCT_STAT_ST_RDEV 1
| #define TIME_WITH_SYS_TIME 1
| /* end confdefs.h.  */
| #include <unistd.h>
| 
| int
| main ()
| {
| #ifndef llseek
| #ifdef __cplusplus
|   (void) llseek;
| #else
|   (void) llseek;
| #endif
| #endif
| 
|   ;
|   return 0;
| }
configure:15969: result: no
configure:15977: checking whether lseek64 is declared
configure:15977: gcc -c -g -O2  conftest.c >&5
configure:15977: $? = 0
configure:15977: result: yes
configure:15988: checking for ssize_t
configure:15988: result: yes
configure:16000: checking for vprintf
configure:16000: gcc -o conftest -g -O2   conftest.c  >&5
conftest.c:90:6: warning: conflicting types for built-in function 'vprintf' [enabled by default]
configure:16000: $? = 0
configure:16000: result: yes
configure:16006: checking for _doprnt
configure:16006: gcc -o conftest -g -O2   conftest.c  >&5
/tmp/cci7sVAc.o: In function `main':
/root/fuse-vext/conftest.c:102: undefined reference to `_doprnt'
collect2: ld returned 1 exit status
configure:16006: $? = 1
configure: failed program was:
| /* confdefs.h */
| #define PACKAGE_NAME "fuse-ext2"
| #define PACKAGE_TARNAME "fuse-ext2"
| #define PACKAGE_VERSION "0.0.7"
| #define PACKAGE_STRING "fuse-ext2 0.0.7"
| #define PACKAGE_BUGREPORT "alper.akcan@gmail.com"
| #define PACKAGE_URL ""
| #define PACKAGE "fuse-ext2"
| #define VERSION "0.0.7"
| #define STDC_HEADERS 1
| #define HAVE_SYS_TYPES_H 1
| #define HAVE_SYS_STAT_H 1
| #define HAVE_STDLIB_H 1
| #define HAVE_STRING_H 1
| #define HAVE_MEMORY_H 1
| #define HAVE_STRINGS_H 1
| #define HAVE_INTTYPES_H 1
| #define HAVE_STDINT_H 1
| #define HAVE_UNISTD_H 1
| #define HAVE_DLFCN_H 1
| #define LT_OBJDIR ".libs/"
| #define _LARGE_FILE_SOURCE /**/
| #define _FILE_OFFSET_BITS 64
| #define HAVE_DIRENT_H 1
| #define STDC_HEADERS 1
| #define HAVE_FCNTL_H 1
| #define HAVE_MALLOC_H 1
| #define HAVE_MNTENT_H 1
| #define HAVE_NETINET_IN_H 1
| #define HAVE_PATHS_H 1
| #define HAVE_STDDEF_H 1
| #define HAVE_STDLIB_H 1
| #define HAVE_STRING_H 1
| #define HAVE_LINUX_FD_H 1
| #define HAVE_SYS_FILE_H 1
| #define HAVE_SYS_IOCTL_H 1
| #define HAVE_SYS_MOUNT_H 1
| #define HAVE_SYS_PARAM_H 1
| #define HAVE_SYS_STATVFS_H 1
| #define HAVE_SYS_TIME_H 1
| #define HAVE_SYS_TYPES_H 1
| #define HAVE_SYS_STAT_H 1
| #define HAVE_SYS_IOCTL_H 1
| #define HAVE_SYS_SYSCALL_H 1
| #define HAVE_SYS_RESOURCE_H 1
| #define HAVE_SYS_MMAN_H 1
| #define HAVE_SYS_PRCTL_H 1
| #define HAVE_SYS_QUEUE_H 1
| #define HAVE_SYS_SOCKET_H 1
| #define HAVE_SYS_UN_H 1
| #define HAVE_NET_IF_H 1
| #define HAVE_NETINET_IN_H 1
| #define HAVE_ERRNO_H 1
| #define HAVE_UNISTD_H 1
| #define HAVE_UTIME_H 1
| #define HAVE_GETOPT_H 1
| #define HAVE_INTTYPES_H 1
| #define HAVE_SYS_MOUNT_H 1
| #define HAVE_STRUCT_STAT_ST_BLKSIZE 1
| #define HAVE_STRUCT_STAT_ST_BLOCKS 1
| #define HAVE_ST_BLOCKS 1
| #define HAVE_STRUCT_STAT_ST_RDEV 1
| #define TIME_WITH_SYS_TIME 1
| #define HAVE_LSEEK64_PROTOTYPE 1
| #define HAVE_TYPE_SSIZE_T 1
| #define HAVE_VPRINTF 1
| /* end confdefs.h.  */
| /* Define _doprnt to an innocuous variant, in case <limits.h> declares _doprnt.
|    For example, HP-UX 11i <limits.h> declares gettimeofday.  */
| #define _doprnt innocuous__doprnt
| 
| /* System header to define __stub macros and hopefully few prototypes,
|     which can conflict with char _doprnt (); below.
|     Prefer <limits.h> to <assert.h> if __STDC__ is defined, since
|     <limits.h> exists even on freestanding compilers.  */
| 
| #ifdef __STDC__
| # include <limits.h>
| #else
| # include <assert.h>
| #endif
| 
| #undef _doprnt
| 
| /* Override any GCC internal prototype to avoid an error.
|    Use char because int might match the return type of a GCC
|    builtin and then its argument prototype would still apply.  */
| #ifdef __cplusplus
| extern "C"
| #endif
| char _doprnt ();
| /* The GNU C library defines this for functions which it implements
|     to always fail with ENOSYS.  Some functions are actually named
|     something starting with __ and the normal name is an alias.  */
| #if defined __stub__doprnt || defined __stub____doprnt
| choke me
| #endif
| 
| int
| main ()
| {
| return _doprnt ();
|   ;
|   return 0;
| }
configure:16006: result: no
configure:16017: checking for uid_t in sys/types.h
configure:16036: result: yes
configure:16049: checking for unistd.h
configure:16049: result: yes
configure:16059: checking for working chown
configure:16092: gcc -o conftest -g -O2   conftest.c  >&5
configure:16092: $? = 0
configure:16092: ./conftest
configure:16092: $? = 0
configure:16104: result: yes
configure:16112: checking whether closedir returns void
configure:16136: gcc -o conftest -g -O2   conftest.c  >&5
configure:16136: $? = 0
configure:16136: ./conftest
configure:16136: $? = 0
configure:16146: result: no
configure:16156: checking for library containing getmntent
configure:16187: gcc -o conftest -g -O2   conftest.c  >&5
configure:16187: $? = 0
configure:16204: result: none required
configure:16219: checking whether gcc needs -traditional
configure:16253: result: no
configure:16262: checking for stdlib.h
configure:16262: result: yes
configure:16272: checking for GNU libc compatible malloc
configure:16296: gcc -o conftest -g -O2   conftest.c  >&5
configure:16296: $? = 0
configure:16296: ./conftest
configure:16296: $? = 0
configure:16306: result: yes
configure:16327: checking for working memcmp
configure:16370: gcc -o conftest -g -O2   conftest.c  >&5
configure:16370: $? = 0
configure:16370: ./conftest
configure:16370: $? = 0
configure:16380: result: yes
configure:16395: checking for stdlib.h
configure:16395: result: yes
configure:16395: checking for unistd.h
configure:16395: result: yes
configure:16395: checking for sys/param.h
configure:16395: result: yes
configure:16395: checking for utime.h
configure:16395: result: yes
configure:16415: checking for getpagesize
configure:16415: gcc -o conftest -g -O2   conftest.c  >&5
configure:16415: $? = 0
configure:16415: result: yes
configure:16424: checking for working mmap
configure:16571: gcc -o conftest -g -O2   conftest.c  >&5
configure:16571: $? = 0
configure:16571: ./conftest
configure:16571: $? = 0
configure:16581: result: yes
configure:16592: checking for stdlib.h
configure:16592: result: yes
configure:16602: checking for GNU libc compatible realloc
configure:16626: gcc -o conftest -g -O2   conftest.c  >&5
configure:16626: $? = 0
configure:16626: ./conftest
configure:16626: $? = 0
configure:16636: result: yes
configure:16660: checking sys/select.h usability
configure:16660: gcc -c -g -O2  conftest.c >&5
configure:16660: $? = 0
configure:16660: result: yes
configure:16660: checking sys/select.h presence
configure:16660: gcc -E  conftest.c
configure:16660: $? = 0
configure:16660: result: yes
configure:16660: checking for sys/select.h
configure:16660: result: yes
configure:16660: checking for sys/socket.h
configure:16660: result: yes
configure:16670: checking types of arguments for select
configure:16698: gcc -c -g -O2  conftest.c >&5
configure:16698: $? = 0
configure:16709: result: int,fd_set *,struct timeval *
configure:16732: checking whether lstat correctly handles trailing slash
configure:16758: gcc -o conftest -g -O2   conftest.c  >&5
configure:16758: $? = 0
configure:16758: ./conftest
configure:16758: $? = 0
configure:16775: result: yes
configure:16794: checking whether stat accepts an empty string
configure:16814: gcc -o conftest -g -O2   conftest.c  >&5
configure:16814: $? = 0
configure:16814: ./conftest
configure:16814: $? = 0
configure:16824: result: no
configure:16843: checking whether utime accepts a null argument
configure:16872: gcc -o conftest -g -O2   conftest.c  >&5
configure:16872: $? = 0
configure:16872: ./conftest
configure:16872: $? = 0
configure:16882: result: yes
configure:16920: checking for ftruncate
configure:16920: gcc -o conftest -g -O2   conftest.c  >&5
configure:16920: $? = 0
configure:16920: result: yes
configure:16920: checking for getmntent
configure:16920: result: yes
configure:16920: checking for getmntinfo
configure:16920: gcc -o conftest -g -O2   conftest.c  >&5
/tmp/ccsnpnxW.o: In function `main':
/root/fuse-vext/conftest.c:124: undefined reference to `getmntinfo'
collect2: ld returned 1 exit status
configure:16920: $? = 1
configure: failed program was:
| /* confdefs.h */
| #define PACKAGE_NAME "fuse-ext2"
| #define PACKAGE_TARNAME "fuse-ext2"
| #define PACKAGE_VERSION "0.0.7"
| #define PACKAGE_STRING "fuse-ext2 0.0.7"
| #define PACKAGE_BUGREPORT "alper.akcan@gmail.com"
| #define PACKAGE_URL ""
| #define PACKAGE "fuse-ext2"
| #define VERSION "0.0.7"
| #define STDC_HEADERS 1
| #define HAVE_SYS_TYPES_H 1
| #define HAVE_SYS_STAT_H 1
| #define HAVE_STDLIB_H 1
| #define HAVE_STRING_H 1
| #define HAVE_MEMORY_H 1
| #define HAVE_STRINGS_H 1
| #define HAVE_INTTYPES_H 1
| #define HAVE_STDINT_H 1
| #define HAVE_UNISTD_H 1
| #define HAVE_DLFCN_H 1
| #define LT_OBJDIR ".libs/"
| #define _LARGE_FILE_SOURCE /**/
| #define _FILE_OFFSET_BITS 64
| #define HAVE_DIRENT_H 1
| #define STDC_HEADERS 1
| #define HAVE_FCNTL_H 1
| #define HAVE_MALLOC_H 1
| #define HAVE_MNTENT_H 1
| #define HAVE_NETINET_IN_H 1
| #define HAVE_PATHS_H 1
| #define HAVE_STDDEF_H 1
| #define HAVE_STDLIB_H 1
| #define HAVE_STRING_H 1
| #define HAVE_LINUX_FD_H 1
| #define HAVE_SYS_FILE_H 1
| #define HAVE_SYS_IOCTL_H 1
| #define HAVE_SYS_MOUNT_H 1
| #define HAVE_SYS_PARAM_H 1
| #define HAVE_SYS_STATVFS_H 1
| #define HAVE_SYS_TIME_H 1
| #define HAVE_SYS_TYPES_H 1
| #define HAVE_SYS_STAT_H 1
| #define HAVE_SYS_IOCTL_H 1
| #define HAVE_SYS_SYSCALL_H 1
| #define HAVE_SYS_RESOURCE_H 1
| #define HAVE_SYS_MMAN_H 1
| #define HAVE_SYS_PRCTL_H 1
| #define HAVE_SYS_QUEUE_H 1
| #define HAVE_SYS_SOCKET_H 1
| #define HAVE_SYS_UN_H 1
| #define HAVE_NET_IF_H 1
| #define HAVE_NETINET_IN_H 1
| #define HAVE_ERRNO_H 1
| #define HAVE_UNISTD_H 1
| #define HAVE_UTIME_H 1
| #define HAVE_GETOPT_H 1
| #define HAVE_INTTYPES_H 1
| #define HAVE_SYS_MOUNT_H 1
| #define HAVE_STRUCT_STAT_ST_BLKSIZE 1
| #define HAVE_STRUCT_STAT_ST_BLOCKS 1
| #define HAVE_ST_BLOCKS 1
| #define HAVE_STRUCT_STAT_ST_RDEV 1
| #define TIME_WITH_SYS_TIME 1
| #define HAVE_LSEEK64_PROTOTYPE 1
| #define HAVE_TYPE_SSIZE_T 1
| #define HAVE_VPRINTF 1
| #define HAVE_UNISTD_H 1
| #define HAVE_CHOWN 1
| #define HAVE_GETMNTENT 1
| #define HAVE_STDLIB_H 1
| #define HAVE_MALLOC 1
| #define HAVE_STDLIB_H 1
| #define HAVE_UNISTD_H 1
| #define HAVE_SYS_PARAM_H 1
| #define HAVE_UTIME_H 1
| #define HAVE_GETPAGESIZE 1
| #define HAVE_MMAP 1
| #define HAVE_STDLIB_H 1
| #define HAVE_REALLOC 1
| #define HAVE_SYS_SELECT_H 1
| #define HAVE_SYS_SOCKET_H 1
| #define SELECT_TYPE_ARG1 int
| #define SELECT_TYPE_ARG234 (fd_set *)
| #define SELECT_TYPE_ARG5 (struct timeval *)
| #define LSTAT_FOLLOWS_SLASHED_SYMLINK 1
| #define HAVE_UTIME_NULL 1
| #define HAVE_FTRUNCATE 1
| #define HAVE_GETMNTENT 1
| /* end confdefs.h.  */
| /* Define getmntinfo to an innocuous variant, in case <limits.h> declares getmntinfo.
|    For example, HP-UX 11i <limits.h> declares gettimeofday.  */
| #define getmntinfo innocuous_getmntinfo
| 
| /* System header to define __stub macros and hopefully few prototypes,
|     which can conflict with char getmntinfo (); below.
|     Prefer <limits.h> to <assert.h> if __STDC__ is defined, since
|     <limits.h> exists even on freestanding compilers.  */
| 
| #ifdef __STDC__
| # include <limits.h>
| #else
| # include <assert.h>
| #endif
| 
| #undef getmntinfo
| 
| /* Override any GCC internal prototype to avoid an error.
|    Use char because int might match the return type of a GCC
|    builtin and then its argument prototype would still apply.  */
| #ifdef __cplusplus
| extern "C"
| #endif
| char getmntinfo ();
| /* The GNU C library defines this for functions which it implements
|     to always fail with ENOSYS.  Some functions are actually named
|     something starting with __ and the normal name is an alias.  */
| #if defined __stub_getmntinfo || defined __stub___getmntinfo
| choke me
| #endif
| 
| int
| main ()
| {
| return getmntinfo ();
|   ;
|   return 0;
| }
configure:16920: result: no
configure:16920: checking for getpagesize
configure:16920: result: yes
configure:16920: checking for hasmntopt
configure:16920: gcc -o conftest -g -O2   conftest.c  >&5
configure:16920: $? = 0
configure:16920: result: yes
configure:16920: checking for memmove
configure:16920: gcc -o conftest -g -O2   conftest.c  >&5
conftest.c:115:6: warning: conflicting types for built-in function 'memmove' [enabled by default]
configure:16920: $? = 0
configure:16920: result: yes
configure:16920: checking for memset
configure:16920: gcc -o conftest -g -O2   conftest.c  >&5
conftest.c:116:6: warning: conflicting types for built-in function 'memset' [enabled by default]
configure:16920: $? = 0
configure:16920: result: yes
configure:16920: checking for munmap
configure:16920: gcc -o conftest -g -O2   conftest.c  >&5
configure:16920: $? = 0
configure:16920: result: yes
configure:16920: checking for random
configure:16920: gcc -o conftest -g -O2   conftest.c  >&5
configure:16920: $? = 0
configure:16920: result: yes
configure:16920: checking for select
configure:16920: gcc -o conftest -g -O2   conftest.c  >&5
configure:16920: $? = 0
configure:16920: result: yes
configure:16920: checking for srand
configure:16920: gcc -o conftest -g -O2   conftest.c  >&5
configure:16920: $? = 0
configure:16920: result: yes
configure:16920: checking for srandom
configure:16920: gcc -o conftest -g -O2   conftest.c  >&5
configure:16920: $? = 0
configure:16920: result: yes
configure:16920: checking for strcasecmp
configure:16920: gcc -o conftest -g -O2   conftest.c  >&5
conftest.c:122:6: warning: conflicting types for built-in function 'strcasecmp' [enabled by default]
configure:16920: $? = 0
configure:16920: result: yes
configure:16920: checking for strchr
configure:16920: gcc -o conftest -g -O2   conftest.c  >&5
conftest.c:123:6: warning: conflicting types for built-in function 'strchr' [enabled by default]
configure:16920: $? = 0
configure:16920: result: yes
configure:16920: checking for strdup
configure:16920: gcc -o conftest -g -O2   conftest.c  >&5
conftest.c:124:6: warning: conflicting types for built-in function 'strdup' [enabled by default]
configure:16920: $? = 0
configure:16920: result: yes
configure:16920: checking for strerror
configure:16920: gcc -o conftest -g -O2   conftest.c  >&5
configure:16920: $? = 0
configure:16920: result: yes
configure:16920: checking for strrchr
configure:16920: gcc -o conftest -g -O2   conftest.c  >&5
conftest.c:126:6: warning: conflicting types for built-in function 'strrchr' [enabled by default]
configure:16920: $? = 0
configure:16920: result: yes
configure:16920: checking for strtol
configure:16920: gcc -o conftest -g -O2   conftest.c  >&5
configure:16920: $? = 0
configure:16920: result: yes
configure:16920: checking for strtoul
configure:16920: gcc -o conftest -g -O2   conftest.c  >&5
configure:16920: $? = 0
configure:16920: result: yes
configure:16920: checking for strtoull
configure:16920: gcc -o conftest -g -O2   conftest.c  >&5
configure:16920: $? = 0
configure:16920: result: yes
configure:16920: checking for uname
configure:16920: gcc -o conftest -g -O2   conftest.c  >&5
configure:16920: $? = 0
configure:16920: result: yes
configure:16920: checking for utime
configure:16920: gcc -o conftest -g -O2   conftest.c  >&5
configure:16920: $? = 0
configure:16920: result: yes
configure:16920: checking for llseek
configure:16920: gcc -o conftest -g -O2   conftest.c  >&5
configure:16920: $? = 0
configure:16920: result: yes
configure:16920: checking for lseek64
configure:16920: gcc -o conftest -g -O2   conftest.c  >&5
configure:16920: $? = 0
configure:16920: result: yes
configure:16931: checking for fuse_main in -lfuse
configure:16956: gcc -o conftest -g -O2   conftest.c -lfuse   >&5
configure:16956: $? = 0
configure:16965: result: yes
configure:16974: checking if FUSE on this system is too new for us
configure:16991: result: yes
configure:17223: creating ./config.status

## ---------------------- ##
## Running config.status. ##
## ---------------------- ##

This file was extended by fuse-ext2 config.status 0.0.7, which was
generated by GNU Autoconf 2.68.  Invocation command line was

  CONFIG_FILES    = 
  CONFIG_HEADERS  = 
  CONFIG_LINKS    = 
  CONFIG_COMMANDS = 
  $ ./config.status 

on kvm

config.status:1264: creating fuse-ext2.pc
config.status:1264: creating Makefile
config.status:1264: creating e2fsprogs-1.41.9/Makefile
config.status:1264: creating e2fsprogs-1.41.9/uuid/Makefile
config.status:1264: creating e2fsprogs-1.41.9/blkid/Makefile
config.status:1264: creating e2fsprogs-1.41.9/et/Makefile
config.status:1264: creating e2fsprogs-1.41.9/e2p/Makefile
config.status:1264: creating e2fsprogs-1.41.9/misc/Makefile
config.status:1264: creating e2fsprogs-1.41.9/ext2fs/Makefile
config.status:1264: creating fuse-ext2/Makefile
config.status:1264: creating tools/Makefile
config.status:1264: creating tools/macosx/Makefile
config.status:1264: creating test/pjd-fstest-20080816/Makefile
config.status:1264: creating config.h
config.status:1445: config.h is unchanged
config.status:1493: executing depfiles commands
config.status:1493: executing libtool commands

## ---------------- ##
## Cache variables. ##
## ---------------- ##

ac_cv_build=x86_64-unknown-linux-gnu
ac_cv_c_compiler_gnu=yes
ac_cv_c_const=yes
ac_cv_c_inline=inline
ac_cv_cxx_compiler_gnu=yes
ac_cv_env_CCC_set=
ac_cv_env_CCC_value=
ac_cv_env_CC_set=
ac_cv_env_CC_value=
ac_cv_env_CFLAGS_set=
ac_cv_env_CFLAGS_value=
ac_cv_env_CPPFLAGS_set=
ac_cv_env_CPPFLAGS_value=
ac_cv_env_CPP_set=
ac_cv_env_CPP_value=
ac_cv_env_CXXCPP_set=
ac_cv_env_CXXCPP_value=
ac_cv_env_CXXFLAGS_set=
ac_cv_env_CXXFLAGS_value=
ac_cv_env_CXX_set=
ac_cv_env_CXX_value=
ac_cv_env_LDFLAGS_set=
ac_cv_env_LDFLAGS_value=
ac_cv_env_LIBS_set=
ac_cv_env_LIBS_value=
ac_cv_env_build_alias_set=
ac_cv_env_build_alias_value=
ac_cv_env_host_alias_set=
ac_cv_env_host_alias_value=
ac_cv_env_target_alias_set=
ac_cv_env_target_alias_value=
ac_cv_func__doprnt=no
ac_cv_func_chown_works=yes
ac_cv_func_closedir_void=no
ac_cv_func_ftruncate=yes
ac_cv_func_getmntent=yes
ac_cv_func_getmntinfo=no
ac_cv_func_getpagesize=yes
ac_cv_func_hasmntopt=yes
ac_cv_func_llseek=yes
ac_cv_func_lseek64=yes
ac_cv_func_lstat_dereferences_slashed_symlink=yes
ac_cv_func_malloc_0_nonnull=yes
ac_cv_func_memcmp_working=yes
ac_cv_func_memmove=yes
ac_cv_func_memset=yes
ac_cv_func_mmap_fixed_mapped=yes
ac_cv_func_munmap=yes
ac_cv_func_random=yes
ac_cv_func_realloc_0_nonnull=yes
ac_cv_func_select=yes
ac_cv_func_select_args='int,fd_set *,struct timeval *'
ac_cv_func_srand=yes
ac_cv_func_srandom=yes
ac_cv_func_stat_empty_string_bug=no
ac_cv_func_strcasecmp=yes
ac_cv_func_strchr=yes
ac_cv_func_strdup=yes
ac_cv_func_strerror=yes
ac_cv_func_strrchr=yes
ac_cv_func_strtol=yes
ac_cv_func_strtoul=yes
ac_cv_func_strtoull=yes
ac_cv_func_uname=yes
ac_cv_func_utime=yes
ac_cv_func_utime_null=yes
ac_cv_func_vprintf=yes
ac_cv_have_decl_llseek=no
ac_cv_have_decl_lseek64=yes
ac_cv_header_dirent_dirent_h=yes
ac_cv_header_dlfcn_h=yes
ac_cv_header_errno_h=yes
ac_cv_header_fcntl_h=yes
ac_cv_header_getopt_h=yes
ac_cv_header_inttypes_h=yes
ac_cv_header_linux_fd_h=yes
ac_cv_header_malloc_h=yes
ac_cv_header_memory_h=yes
ac_cv_header_mntent_h=yes
ac_cv_header_net_if_dl_h=no
ac_cv_header_net_if_h=yes
ac_cv_header_netinet_in_h=yes
ac_cv_header_paths_h=yes
ac_cv_header_stdc=yes
ac_cv_header_stddef_h=yes
ac_cv_header_stdint_h=yes
ac_cv_header_stdlib_h=yes
ac_cv_header_string_h=yes
ac_cv_header_strings_h=yes
ac_cv_header_sys_disk_h=no
ac_cv_header_sys_disklabel_h=no
ac_cv_header_sys_file_h=yes
ac_cv_header_sys_ioctl_h=yes
ac_cv_header_sys_mkdev_h=no
ac_cv_header_sys_mman_h=yes
ac_cv_header_sys_mount_h=yes
ac_cv_header_sys_param_h=yes
ac_cv_header_sys_prctl_h=yes
ac_cv_header_sys_queue_h=yes
ac_cv_header_sys_resource_h=yes
ac_cv_header_sys_select_h=yes
ac_cv_header_sys_socket_h=yes
ac_cv_header_sys_sockio_h=no
ac_cv_header_sys_stat_h=yes
ac_cv_header_sys_statvfs_h=yes
ac_cv_header_sys_syscall_h=yes
ac_cv_header_sys_time_h=yes
ac_cv_header_sys_types_h=yes
ac_cv_header_sys_types_h_makedev=yes
ac_cv_header_sys_un_h=yes
ac_cv_header_time=yes
ac_cv_header_unistd_h=yes
ac_cv_header_utime_h=yes
ac_cv_host=x86_64-unknown-linux-gnu
ac_cv_lib_fuse_fuse_main=yes
ac_cv_member_struct_stat_st_blksize=yes
ac_cv_member_struct_stat_st_blocks=yes
ac_cv_member_struct_stat_st_rdev=yes
ac_cv_objext=o
ac_cv_path_CHMOD=/bin/chmod
ac_cv_path_EGREP='/bin/grep -E'
ac_cv_path_FGREP='/bin/grep -F'
ac_cv_path_GREP=/bin/grep
ac_cv_path_SED=/bin/sed
ac_cv_path_install='/usr/bin/install -c'
ac_cv_path_mkdir=/bin/mkdir
ac_cv_prog_AWK=mawk
ac_cv_prog_CPP='gcc -E'
ac_cv_prog_CXXCPP='g++ -E'
ac_cv_prog_ac_ct_AR=ar
ac_cv_prog_ac_ct_CC=gcc
ac_cv_prog_ac_ct_CXX=g++
ac_cv_prog_ac_ct_MANIFEST_TOOL=mt
ac_cv_prog_ac_ct_OBJDUMP=objdump
ac_cv_prog_ac_ct_RANLIB=ranlib
ac_cv_prog_ac_ct_STRIP=strip
ac_cv_prog_cc_c89=
ac_cv_prog_cc_g=yes
ac_cv_prog_cxx_g=yes
ac_cv_prog_gcc_traditional=no
ac_cv_prog_make_make_set=yes
ac_cv_search_getmntent='none required'
ac_cv_search_opendir='none required'
ac_cv_target=x86_64-unknown-linux-gnu
ac_cv_type_mode_t=yes
ac_cv_type_off_t=yes
ac_cv_type_size_t=yes
ac_cv_type_ssize_t=yes
ac_cv_type_uid_t=yes
am_cv_CC_dependencies_compiler_type=gcc3
am_cv_CXX_dependencies_compiler_type=gcc3
lt_cv_ar_at_file=@
lt_cv_archive_cmds_need_lc=no
lt_cv_deplibs_check_method=pass_all
lt_cv_file_magic_cmd='$MAGIC_CMD'
lt_cv_file_magic_test_file=
lt_cv_ld_reload_flag=-r
lt_cv_nm_interface='BSD nm'
lt_cv_objdir=.libs
lt_cv_path_LD=/usr/bin/ld
lt_cv_path_LDCXX='/usr/bin/ld -m elf_x86_64'
lt_cv_path_NM='/usr/bin/nm -B'
lt_cv_path_mainfest_tool=no
lt_cv_prog_compiler_c_o=yes
lt_cv_prog_compiler_c_o_CXX=yes
lt_cv_prog_compiler_pic='-fPIC -DPIC'
lt_cv_prog_compiler_pic_CXX='-fPIC -DPIC'
lt_cv_prog_compiler_pic_works=yes
lt_cv_prog_compiler_pic_works_CXX=yes
lt_cv_prog_compiler_rtti_exceptions=no
lt_cv_prog_compiler_static_works=yes
lt_cv_prog_compiler_static_works_CXX=yes
lt_cv_prog_gnu_ld=yes
lt_cv_prog_gnu_ldcxx=yes
lt_cv_sharedlib_from_linklib_cmd='printf %s\n'
lt_cv_shlibpath_overrides_runpath=no
lt_cv_sys_global_symbol_pipe='sed -n -e '\''s/^.*[	 ]\([ABCDGIRSTW][ABCDGIRSTW]*\)[	 ][	 ]*\([_A-Za-z][_A-Za-z0-9]*\)$/\1 \2 \2/p'\'' | sed '\''/ __gnu_lto/d'\'''
lt_cv_sys_global_symbol_to_c_name_address='sed -n -e '\''s/^: \([^ ]*\)[ ]*$/  {\"\1\", (void *) 0},/p'\'' -e '\''s/^[ABCDGIRSTW]* \([^ ]*\) \([^ ]*\)$/  {"\2", (void *) \&\2},/p'\'''
lt_cv_sys_global_symbol_to_c_name_address_lib_prefix='sed -n -e '\''s/^: \([^ ]*\)[ ]*$/  {\"\1\", (void *) 0},/p'\'' -e '\''s/^[ABCDGIRSTW]* \([^ ]*\) \(lib[^ ]*\)$/  {"\2", (void *) \&\2},/p'\'' -e '\''s/^[ABCDGIRSTW]* \([^ ]*\) \([^ ]*\)$/  {"lib\2", (void *) \&\2},/p'\'''
lt_cv_sys_global_symbol_to_cdecl='sed -n -e '\''s/^T .* \(.*\)$/extern int \1();/p'\'' -e '\''s/^[ABCDGIRSTW]* .* \(.*\)$/extern char \1;/p'\'''
lt_cv_sys_max_cmd_len=1572864
lt_cv_to_host_file_cmd=func_convert_file_noop
lt_cv_to_tool_file_cmd=func_convert_file_noop

## ----------------- ##
## Output variables. ##
## ----------------- ##

ACLOCAL='${SHELL} /root/fuse-vext/missing --run aclocal-1.11'
AMDEPBACKSLASH='\'
AMDEP_FALSE='#'
AMDEP_TRUE=''
AMTAR='$${TAR-tar}'
AR='ar'
AUTOCONF='${SHELL} /root/fuse-vext/missing --run autoconf'
AUTOHEADER='${SHELL} /root/fuse-vext/missing --run autoheader'
AUTOMAKE='${SHELL} /root/fuse-vext/missing --run automake-1.11'
AWK='mawk'
CC='gcc'
CCDEPMODE='depmode=gcc3'
CFLAGS='-g -O2'
CHMOD='/bin/chmod'
CPP='gcc -E'
CPPFLAGS=''
CXX='g++'
CXXCPP='g++ -E'
CXXDEPMODE='depmode=gcc3'
CXXFLAGS='-g -O2'
CYGPATH_W='echo'
DARWIN_FALSE=''
DARWIN_TRUE='#'
DEFS='-DHAVE_CONFIG_H'
DEPDIR='.deps'
DLLTOOL='false'
DSYMUTIL=''
DUMPBIN=''
ECHO_C=''
ECHO_N='-n'
ECHO_T=''
EGREP='/bin/grep -E'
EXEEXT=''
FGREP='/bin/grep -F'
GREP='/bin/grep'
INSTALL_DATA='${INSTALL} -m 644'
INSTALL_PROGRAM='${INSTALL}'
INSTALL_SCRIPT='${INSTALL}'
INSTALL_STRIP_PROGRAM='$(install_sh) -c -s'
LD='/usr/bin/ld -m elf_x86_64'
LDFLAGS=''
LIBOBJS=''
LIBS=''
LIBTOOL='$(SHELL) $(top_builddir)/libtool'
LINUX_FALSE='#'
LINUX_TRUE=''
LIPO=''
LN_S='ln -s'
LTLIBOBJS=''
MAKEINFO='${SHELL} /root/fuse-vext/missing --run makeinfo'
MANIFEST_TOOL=':'
MKDIR_P='/bin/mkdir -p'
NM='/usr/bin/nm -B'
NMEDIT=''
OBJDUMP='objdump'
OBJEXT='o'
OTOOL64=''
OTOOL=''
PACKAGE='fuse-ext2'
PACKAGE_BUGREPORT='alper.akcan@gmail.com'
PACKAGE_NAME='fuse-ext2'
PACKAGE_STRING='fuse-ext2 0.0.7'
PACKAGE_TARNAME='fuse-ext2'
PACKAGE_URL=''
PACKAGE_VERSION='0.0.7'
PATH_SEPARATOR=':'
RANLIB='ranlib'
SED='/bin/sed'
SET_MAKE=''
SHELL='/bin/bash'
STRIP='strip'
VERSION='0.0.7'
ac_ct_AR='ar'
ac_ct_CC='gcc'
ac_ct_CXX='g++'
ac_ct_DUMPBIN=''
am__EXEEXT_FALSE=''
am__EXEEXT_TRUE='#'
am__fastdepCC_FALSE='#'
am__fastdepCC_TRUE=''
am__fastdepCXX_FALSE='#'
am__fastdepCXX_TRUE=''
am__include='include'
am__isrc=''
am__leading_dot='.'
am__nodep='_no'
am__quote=''
am__tar='$${TAR-tar} chof - "$$tardir"'
am__untar='$${TAR-tar} xf -'
bindir='${exec_prefix}/bin'
build='x86_64-unknown-linux-gnu'
build_alias=''
build_cpu='x86_64'
build_os='linux-gnu'
build_vendor='unknown'
datadir='${datarootdir}'
datarootdir='${prefix}/share'
docdir='${datarootdir}/doc/${PACKAGE_TARNAME}'
dvidir='${docdir}'
exec_prefix='${prefix}'
host='x86_64-unknown-linux-gnu'
host_alias=''
host_cpu='x86_64'
host_os='linux-gnu'
host_vendor='unknown'
htmldir='${docdir}'
includedir='${prefix}/include'
infodir='${datarootdir}/info'
install_sh='${SHELL} /root/fuse-vext/install-sh'
libdir='${exec_prefix}/lib'
libexecdir='${exec_prefix}/libexec'
localedir='${datarootdir}/locale'
localstatedir='${prefix}/var'
mandir='${datarootdir}/man'
mkdir_p='/bin/mkdir -p'
oldincludedir='/usr/include'
pdfdir='${docdir}'
pkgconfigdir='${libdir}/pkgconfig'
prefix='/usr/local'
program_transform_name='s,x,x,'
psdir='${docdir}'
sbindir='${exec_prefix}/sbin'
sharedstatedir='${prefix}/com'
sysconfdir='${prefix}/etc'
target='x86_64-unknown-linux-gnu'
target_alias=''
target_cpu='x86_64'
target_os='linux-gnu'
target_vendor='unknown'

## ----------- ##
## confdefs.h. ##
## ----------- ##

/* confdefs.h */
#define PACKAGE_NAME "fuse-ext2"
#define PACKAGE_TARNAME "fuse-ext2"
#define PACKAGE_VERSION "0.0.7"
#define PACKAGE_STRING "fuse-ext2 0.0.7"
#define PACKAGE_BUGREPORT "alper.akcan@gmail.com"
#define PACKAGE_URL ""
#define PACKAGE "fuse-ext2"
#define VERSION "0.0.7"
#define STDC_HEADERS 1
#define HAVE_SYS_TYPES_H 1
#define HAVE_SYS_STAT_H 1
#define HAVE_STDLIB_H 1
#define HAVE_STRING_H 1
#define HAVE_MEMORY_H 1
#define HAVE_STRINGS_H 1
#define HAVE_INTTYPES_H 1
#define HAVE_STDINT_H 1
#define HAVE_UNISTD_H 1
#define HAVE_DLFCN_H 1
#define LT_OBJDIR ".libs/"
#define _LARGE_FILE_SOURCE /**/
#define _FILE_OFFSET_BITS 64
#define HAVE_DIRENT_H 1
#define STDC_HEADERS 1
#define HAVE_FCNTL_H 1
#define HAVE_MALLOC_H 1
#define HAVE_MNTENT_H 1
#define HAVE_NETINET_IN_H 1
#define HAVE_PATHS_H 1
#define HAVE_STDDEF_H 1
#define HAVE_STDLIB_H 1
#define HAVE_STRING_H 1
#define HAVE_LINUX_FD_H 1
#define HAVE_SYS_FILE_H 1
#define HAVE_SYS_IOCTL_H 1
#define HAVE_SYS_MOUNT_H 1
#define HAVE_SYS_PARAM_H 1
#define HAVE_SYS_STATVFS_H 1
#define HAVE_SYS_TIME_H 1
#define HAVE_SYS_TYPES_H 1
#define HAVE_SYS_STAT_H 1
#define HAVE_SYS_IOCTL_H 1
#define HAVE_SYS_SYSCALL_H 1
#define HAVE_SYS_RESOURCE_H 1
#define HAVE_SYS_MMAN_H 1
#define HAVE_SYS_PRCTL_H 1
#define HAVE_SYS_QUEUE_H 1
#define HAVE_SYS_SOCKET_H 1
#define HAVE_SYS_UN_H 1
#define HAVE_NET_IF_H 1
#define HAVE_NETINET_IN_H 1
#define HAVE_ERRNO_H 1
#define HAVE_UNISTD_H 1
#define HAVE_UTIME_H 1
#define HAVE_GETOPT_H 1
#define HAVE_INTTYPES_H 1
#define HAVE_SYS_MOUNT_H 1
#define HAVE_STRUCT_STAT_ST_BLKSIZE 1
#define HAVE_STRUCT_STAT_ST_BLOCKS 1
#define HAVE_ST_BLOCKS 1
#define HAVE_STRUCT_STAT_ST_RDEV 1
#define TIME_WITH_SYS_TIME 1
#define HAVE_LSEEK64_PROTOTYPE 1
#define HAVE_TYPE_SSIZE_T 1
#define HAVE_VPRINTF 1
#define HAVE_UNISTD_H 1
#define HAVE_CHOWN 1
#define HAVE_GETMNTENT 1
#define HAVE_STDLIB_H 1
#define HAVE_MALLOC 1
#define HAVE_STDLIB_H 1
#define HAVE_UNISTD_H 1
#define HAVE_SYS_PARAM_H 1
#define HAVE_UTIME_H 1
#define HAVE_GETPAGESIZE 1
#define HAVE_MMAP 1
#define HAVE_STDLIB_H 1
#define HAVE_REALLOC 1
#define HAVE_SYS_SELECT_H 1
#define HAVE_SYS_SOCKET_H 1
#define SELECT_TYPE_ARG1 int
#define SELECT_TYPE_ARG234 (fd_set *)
#define SELECT_TYPE_ARG5 (struct timeval *)
#define LSTAT_FOLLOWS_SLASHED_SYMLINK 1
#define HAVE_UTIME_NULL 1
#define HAVE_FTRUNCATE 1
#define HAVE_GETMNTENT 1
#define HAVE_GETPAGESIZE 1
#define HAVE_HASMNTOPT 1
#define HAVE_MEMMOVE 1
#define HAVE_MEMSET 1
#define HAVE_MUNMAP 1
#define HAVE_RANDOM 1
#define HAVE_SELECT 1
#define HAVE_SRAND 1
#define HAVE_SRANDOM 1
#define HAVE_STRCASECMP 1
#define HAVE_STRCHR 1
#define HAVE_STRDUP 1
#define HAVE_STRERROR 1
#define HAVE_STRRCHR 1
#define HAVE_STRTOL 1
#define HAVE_STRTOUL 1
#define HAVE_STRTOULL 1
#define HAVE_UNAME 1
#define HAVE_UTIME 1
#define HAVE_LLSEEK 1
#define HAVE_LSEEK64 1
#define FUSE_USE_VERSION 27
#define ENABLE_DEBUG 1
#define ENABLE_SWAPFS 1

configure: exit 0
